<?xml version="1.0" encoding="UTF-8"?>
<!-- Generated by org.testng.reporters.JUnitXMLReporter -->
<testsuite hostname="DESKTOP-IC0JENF" ignored="4" name="Add Customers" tests="5" failures="3" timestamp="2021-05-30T16:43:52 IST" time="2.475" errors="0">
  <testcase name="loginAsmanagerTest" time="0.966" classname="com.personal.testcases.AddCustomerTest"/>
  <testcase name="addMultipleCustomerTest" time="0.134" classname="com.personal.testcases.AddCustomerTest">
    <failure type="java.lang.AssertionError" message="locator(AddCustomer_xpath) can&amp;apos;t be clicked as it&amp;apos;s NOT present on page.
 
 
 Error msg is :-   Given xpath expression &amp;quot;//button[@type=&amp;apos;submit&amp;apos;]1111111111&amp;quot; is invalid: SyntaxError: The expression is not a legal expression.
For documentation on this error, please visit: http://seleniumhq.org/exceptions/invalid_selector_exception.html
Build info: version: &amp;apos;3.14.0&amp;apos;, revision: &amp;apos;aacccce0&amp;apos;, time: &amp;apos;2018-08-02T20:19:58.91Z&amp;apos;
System info: host: &amp;apos;DESKTOP-IC0JENF&amp;apos;, ip: &amp;apos;172.16.18.8&amp;apos;, os.name: &amp;apos;Windows 10&amp;apos;, os.arch: &amp;apos;amd64&amp;apos;, os.version: &amp;apos;10.0&amp;apos;, java.version: &amp;apos;1.8.0_271&amp;apos;
Driver info: org.openqa.selenium.firefox.FirefoxDriver
Capabilities {acceptInsecureCerts: true, browserName: firefox, browserVersion: 88.0.1, javascriptEnabled: true, moz:accessibilityChecks: false, moz:buildID: 20210504152106, moz:geckodriverVersion: 0.29.1, moz:headless: false, moz:processID: 1136, moz:profile: C:\Users\Nishant Guleri\App..., moz:shutdownTimeout: 60000, moz:useNonSpecCompliantPointerOrigin: false, moz:webdriverClick: true, pageLoadStrategy: normal, platform: WINDOWS, platformName: WINDOWS, platformVersion: 10.0, rotatable: false, setWindowRect: true, strictFileInteractability: false, timeouts: {implicit: 0, pageLoad: 300000, script: 30000}, unhandledPromptBehavior: dismiss and notify}
Session ID: 956445ad-5d8c-4483-b0ed-cbdeba636471
*** Element info: {Using=xpath, value=//button[@type=&amp;apos;submit&amp;apos;]1111111111}">
      <![CDATA[java.lang.AssertionError: locator(AddCustomer_xpath) can't be clicked as it's NOT present on page.
 
 
 Error msg is :-   Given xpath expression "//button[@type='submit']1111111111" is invalid: SyntaxError: The expression is not a legal expression.
For documentation on this error, please visit: http://seleniumhq.org/exceptions/invalid_selector_exception.html
Build info: version: '3.14.0', revision: 'aacccce0', time: '2018-08-02T20:19:58.91Z'
System info: host: 'DESKTOP-IC0JENF', ip: '172.16.18.8', os.name: 'Windows 10', os.arch: 'amd64', os.version: '10.0', java.version: '1.8.0_271'
Driver info: org.openqa.selenium.firefox.FirefoxDriver
Capabilities {acceptInsecureCerts: true, browserName: firefox, browserVersion: 88.0.1, javascriptEnabled: true, moz:accessibilityChecks: false, moz:buildID: 20210504152106, moz:geckodriverVersion: 0.29.1, moz:headless: false, moz:processID: 1136, moz:profile: C:\Users\Nishant Guleri\App..., moz:shutdownTimeout: 60000, moz:useNonSpecCompliantPointerOrigin: false, moz:webdriverClick: true, pageLoadStrategy: normal, platform: WINDOWS, platformName: WINDOWS, platformVersion: 10.0, rotatable: false, setWindowRect: true, strictFileInteractability: false, timeouts: {implicit: 0, pageLoad: 300000, script: 30000}, unhandledPromptBehavior: dismiss and notify}
Session ID: 956445ad-5d8c-4483-b0ed-cbdeba636471
*** Element info: {Using=xpath, value=//button[@type='submit']1111111111}
at com.personal.base.BaseClass.click(BaseClass.java:183)
at com.personal.testcases.AddCustomerTest.addMultipleCustomerTest(AddCustomerTest.java:38)
at java.util.ArrayList.forEach(ArrayList.java:1259)
... Removed 28 stack frames]]>
    </failure>
  </testcase> <!-- addMultipleCustomerTest -->
  <testcase name="addMultipleCustomerTest" time="0.101" classname="com.personal.testcases.AddCustomerTest">
    <failure type="java.lang.AssertionError" message="locator(AddCustomer_xpath) can&amp;apos;t be clicked as it&amp;apos;s NOT present on page.
 
 
 Error msg is :-   Given xpath expression &amp;quot;//button[@type=&amp;apos;submit&amp;apos;]1111111111&amp;quot; is invalid: SyntaxError: The expression is not a legal expression.
For documentation on this error, please visit: http://seleniumhq.org/exceptions/invalid_selector_exception.html
Build info: version: &amp;apos;3.14.0&amp;apos;, revision: &amp;apos;aacccce0&amp;apos;, time: &amp;apos;2018-08-02T20:19:58.91Z&amp;apos;
System info: host: &amp;apos;DESKTOP-IC0JENF&amp;apos;, ip: &amp;apos;172.16.18.8&amp;apos;, os.name: &amp;apos;Windows 10&amp;apos;, os.arch: &amp;apos;amd64&amp;apos;, os.version: &amp;apos;10.0&amp;apos;, java.version: &amp;apos;1.8.0_271&amp;apos;
Driver info: org.openqa.selenium.firefox.FirefoxDriver
Capabilities {acceptInsecureCerts: true, browserName: firefox, browserVersion: 88.0.1, javascriptEnabled: true, moz:accessibilityChecks: false, moz:buildID: 20210504152106, moz:geckodriverVersion: 0.29.1, moz:headless: false, moz:processID: 1136, moz:profile: C:\Users\Nishant Guleri\App..., moz:shutdownTimeout: 60000, moz:useNonSpecCompliantPointerOrigin: false, moz:webdriverClick: true, pageLoadStrategy: normal, platform: WINDOWS, platformName: WINDOWS, platformVersion: 10.0, rotatable: false, setWindowRect: true, strictFileInteractability: false, timeouts: {implicit: 0, pageLoad: 300000, script: 30000}, unhandledPromptBehavior: dismiss and notify}
Session ID: 956445ad-5d8c-4483-b0ed-cbdeba636471
*** Element info: {Using=xpath, value=//button[@type=&amp;apos;submit&amp;apos;]1111111111}">
      <![CDATA[java.lang.AssertionError: locator(AddCustomer_xpath) can't be clicked as it's NOT present on page.
 
 
 Error msg is :-   Given xpath expression "//button[@type='submit']1111111111" is invalid: SyntaxError: The expression is not a legal expression.
For documentation on this error, please visit: http://seleniumhq.org/exceptions/invalid_selector_exception.html
Build info: version: '3.14.0', revision: 'aacccce0', time: '2018-08-02T20:19:58.91Z'
System info: host: 'DESKTOP-IC0JENF', ip: '172.16.18.8', os.name: 'Windows 10', os.arch: 'amd64', os.version: '10.0', java.version: '1.8.0_271'
Driver info: org.openqa.selenium.firefox.FirefoxDriver
Capabilities {acceptInsecureCerts: true, browserName: firefox, browserVersion: 88.0.1, javascriptEnabled: true, moz:accessibilityChecks: false, moz:buildID: 20210504152106, moz:geckodriverVersion: 0.29.1, moz:headless: false, moz:processID: 1136, moz:profile: C:\Users\Nishant Guleri\App..., moz:shutdownTimeout: 60000, moz:useNonSpecCompliantPointerOrigin: false, moz:webdriverClick: true, pageLoadStrategy: normal, platform: WINDOWS, platformName: WINDOWS, platformVersion: 10.0, rotatable: false, setWindowRect: true, strictFileInteractability: false, timeouts: {implicit: 0, pageLoad: 300000, script: 30000}, unhandledPromptBehavior: dismiss and notify}
Session ID: 956445ad-5d8c-4483-b0ed-cbdeba636471
*** Element info: {Using=xpath, value=//button[@type='submit']1111111111}
at com.personal.base.BaseClass.click(BaseClass.java:183)
at com.personal.testcases.AddCustomerTest.addMultipleCustomerTest(AddCustomerTest.java:38)
at java.util.ArrayList.forEach(ArrayList.java:1259)
... Removed 28 stack frames]]>
    </failure>
  </testcase> <!-- addMultipleCustomerTest -->
  <testcase name="addMultipleCustomerTest" time="0.134" classname="com.personal.testcases.AddCustomerTest">
    <failure type="java.lang.AssertionError" message="locator(AddCustomer_xpath) can&amp;apos;t be clicked as it&amp;apos;s NOT present on page.
 
 
 Error msg is :-   Given xpath expression &amp;quot;//button[@type=&amp;apos;submit&amp;apos;]1111111111&amp;quot; is invalid: SyntaxError: The expression is not a legal expression.
For documentation on this error, please visit: http://seleniumhq.org/exceptions/invalid_selector_exception.html
Build info: version: &amp;apos;3.14.0&amp;apos;, revision: &amp;apos;aacccce0&amp;apos;, time: &amp;apos;2018-08-02T20:19:58.91Z&amp;apos;
System info: host: &amp;apos;DESKTOP-IC0JENF&amp;apos;, ip: &amp;apos;172.16.18.8&amp;apos;, os.name: &amp;apos;Windows 10&amp;apos;, os.arch: &amp;apos;amd64&amp;apos;, os.version: &amp;apos;10.0&amp;apos;, java.version: &amp;apos;1.8.0_271&amp;apos;
Driver info: org.openqa.selenium.firefox.FirefoxDriver
Capabilities {acceptInsecureCerts: true, browserName: firefox, browserVersion: 88.0.1, javascriptEnabled: true, moz:accessibilityChecks: false, moz:buildID: 20210504152106, moz:geckodriverVersion: 0.29.1, moz:headless: false, moz:processID: 1136, moz:profile: C:\Users\Nishant Guleri\App..., moz:shutdownTimeout: 60000, moz:useNonSpecCompliantPointerOrigin: false, moz:webdriverClick: true, pageLoadStrategy: normal, platform: WINDOWS, platformName: WINDOWS, platformVersion: 10.0, rotatable: false, setWindowRect: true, strictFileInteractability: false, timeouts: {implicit: 0, pageLoad: 300000, script: 30000}, unhandledPromptBehavior: dismiss and notify}
Session ID: 956445ad-5d8c-4483-b0ed-cbdeba636471
*** Element info: {Using=xpath, value=//button[@type=&amp;apos;submit&amp;apos;]1111111111}">
      <![CDATA[java.lang.AssertionError: locator(AddCustomer_xpath) can't be clicked as it's NOT present on page.
 
 
 Error msg is :-   Given xpath expression "//button[@type='submit']1111111111" is invalid: SyntaxError: The expression is not a legal expression.
For documentation on this error, please visit: http://seleniumhq.org/exceptions/invalid_selector_exception.html
Build info: version: '3.14.0', revision: 'aacccce0', time: '2018-08-02T20:19:58.91Z'
System info: host: 'DESKTOP-IC0JENF', ip: '172.16.18.8', os.name: 'Windows 10', os.arch: 'amd64', os.version: '10.0', java.version: '1.8.0_271'
Driver info: org.openqa.selenium.firefox.FirefoxDriver
Capabilities {acceptInsecureCerts: true, browserName: firefox, browserVersion: 88.0.1, javascriptEnabled: true, moz:accessibilityChecks: false, moz:buildID: 20210504152106, moz:geckodriverVersion: 0.29.1, moz:headless: false, moz:processID: 1136, moz:profile: C:\Users\Nishant Guleri\App..., moz:shutdownTimeout: 60000, moz:useNonSpecCompliantPointerOrigin: false, moz:webdriverClick: true, pageLoadStrategy: normal, platform: WINDOWS, platformName: WINDOWS, platformVersion: 10.0, rotatable: false, setWindowRect: true, strictFileInteractability: false, timeouts: {implicit: 0, pageLoad: 300000, script: 30000}, unhandledPromptBehavior: dismiss and notify}
Session ID: 956445ad-5d8c-4483-b0ed-cbdeba636471
*** Element info: {Using=xpath, value=//button[@type='submit']1111111111}
at com.personal.base.BaseClass.click(BaseClass.java:183)
at com.personal.testcases.AddCustomerTest.addMultipleCustomerTest(AddCustomerTest.java:38)
at java.util.ArrayList.forEach(ArrayList.java:1259)
... Removed 28 stack frames]]>
    </failure>
  </testcase> <!-- addMultipleCustomerTest -->
  <testcase name="openAccountMethod" time="0.0" classname="com.personal.testcases.OpenAccountTest">
    <skipped/>
  </testcase> <!-- openAccountMethod -->
  <testcase name="@AfterSuite tearDown" time="0.0" classname="com.personal.base.BaseClass">
    <ignored/>
  </testcase> <!-- @AfterSuite tearDown -->
  <testcase name="@AfterSuite tearDown" time="0.0" classname="com.personal.base.BaseClass">
    <ignored/>
  </testcase> <!-- @AfterSuite tearDown -->
  <testcase name="@BeforeSuite setUp" time="0.0" classname="com.personal.base.BaseClass">
    <ignored/>
  </testcase> <!-- @BeforeSuite setUp -->
  <testcase name="@BeforeSuite setUp" time="0.0" classname="com.personal.base.BaseClass">
    <ignored/>
  </testcase> <!-- @BeforeSuite setUp -->
</testsuite> <!-- Add Customers -->
