<?xml version="1.0" encoding="UTF-8"?>
<!-- Generated by org.testng.reporters.JUnitXMLReporter -->
<testsuite hostname="DESKTOP-IC0JENF" ignored="6" name="ROUGH" tests="4" failures="1" timestamp="2021-06-11T11:13:15 IST" time="2.742" errors="0">
  <testcase name="loginAsmanagerTest" time="0.169" classname="com.personal.testcases.AddCustomerTest">
    <failure type="java.lang.AssertionError" message="ASSERT :- &amp;apos;111111111111&amp;apos; is INCORRECT TITLE. Actual Title is :- Protractor practice website - Banking App">
      <![CDATA[java.lang.AssertionError: ASSERT :- '111111111111' is INCORRECT TITLE. Actual Title is :- Protractor practice website - Banking App
at com.personal.base.BaseClass.checkPageTitle(BaseClass.java:336)
at com.personal.testcases.AddCustomerTest.loginAsmanagerTest(AddCustomerTest.java:18)
at java.util.ArrayList.forEach(ArrayList.java:1259)
... Removed 28 stack frames]]>
    </failure>
  </testcase> <!-- loginAsmanagerTest -->
  <testcase name="addMultipleCustomerTest" time="0.0" classname="com.personal.testcases.AddCustomerTest">
    <skipped/>
  </testcase> <!-- addMultipleCustomerTest -->
  <testcase name="openAccountMethod" time="0.0" classname="com.personal.testcases.OpenAccountTest">
    <skipped/>
  </testcase> <!-- openAccountMethod -->
  <testcase name="customerLoginMethod" time="0.0" classname="com.personal.testcases.CustomerLoginTest">
    <skipped/>
  </testcase> <!-- customerLoginMethod -->
  <testcase name="@AfterTest tearDown" time="0.0" classname="com.personal.base.BaseClass">
    <ignored/>
  </testcase> <!-- @AfterTest tearDown -->
  <testcase name="@AfterTest tearDown" time="0.0" classname="com.personal.base.BaseClass">
    <ignored/>
  </testcase> <!-- @AfterTest tearDown -->
  <testcase name="@AfterTest tearDown" time="0.0" classname="com.personal.base.BaseClass">
    <ignored/>
  </testcase> <!-- @AfterTest tearDown -->
  <testcase name="@BeforeTest setUp" time="0.0" classname="com.personal.base.BaseClass">
    <ignored/>
  </testcase> <!-- @BeforeTest setUp -->
  <testcase name="@BeforeTest setUp" time="0.0" classname="com.personal.base.BaseClass">
    <ignored/>
  </testcase> <!-- @BeforeTest setUp -->
  <testcase name="@BeforeTest setUp" time="0.0" classname="com.personal.base.BaseClass">
    <ignored/>
  </testcase> <!-- @BeforeTest setUp -->
</testsuite> <!-- ROUGH -->
