<?xml version="1.0" encoding="UTF-8"?>
<!-- Generated by org.testng.reporters.JUnitXMLReporter -->
<testsuite hostname="DESKTOP-IC0JENF" ignored="2" name="Add Customers" tests="1" failures="1" timestamp="26 May 2021 13:42:16 GMT" time="0.599" errors="0">
  <testcase name="loginAsmanager" time="0.263" classname="com.personal.testcases.AddCustomer">
    <failure type="java.lang.AssertionError" message="ASSERT :- locator(AddCustomerButton_xpath) is NOT present on page [title &amp;apos;Protractor practice website - Banking App&amp;apos;]">
      <![CDATA[java.lang.AssertionError: ASSERT :- locator(AddCustomerButton_xpath) is NOT present on page [title 'Protractor practice website - Banking App']
at com.personal.base.BaseClass.isElementPresent(BaseClass.java:256)
at com.personal.testcases.AddCustomer.loginAsmanager(AddCustomer.java:21)
... Removed 26 stack frames]]>
    </failure>
  </testcase> <!-- loginAsmanager -->
  <testcase name="@AfterSuite tearDown" time="0.0" classname="com.personal.base.BaseClass">
    <ignored/>
  </testcase> <!-- @AfterSuite tearDown -->
  <testcase name="@BeforeSuite setUp" time="0.0" classname="com.personal.base.BaseClass">
    <ignored/>
  </testcase> <!-- @BeforeSuite setUp -->
</testsuite> <!-- Add Customers -->
