<?xml version="1.0" encoding="UTF-8"?>
<!-- Generated by org.testng.reporters.JUnitXMLReporter -->
<testsuite hostname="DESKTOP-IC0JENF" ignored="2" name="Add Customers" tests="1" failures="1" timestamp="26 May 2021 09:00:44 GMT" time="4.456" errors="0">
  <testcase name="loginAsmanager" time="4.432" classname="com.personal.testcases.AddCustomer">
    <failure type="java.lang.AssertionError" message="locator(AddCustomerButton_xpath) is NOT present on page with title &amp;apos;Protractor practice website - Banking App&amp;apos;">
      <![CDATA[java.lang.AssertionError: locator(AddCustomerButton_xpath) is NOT present on page with title 'Protractor practice website - Banking App'
at com.personal.base.BaseClass.isElementPresent(BaseClass.java:234)
at com.personal.testcases.AddCustomer.loginAsmanager(AddCustomer.java:22)
... Removed 26 stack frames]]>
    </failure>
  </testcase> <!-- loginAsmanager -->
  <testcase name="@AfterSuite tearDown" time="0.0" classname="com.personal.base.BaseClass">
    <ignored/>
  </testcase> <!-- @AfterSuite tearDown -->
  <testcase name="@BeforeSuite setUp" time="0.0" classname="com.personal.base.BaseClass">
    <ignored/>
  </testcase> <!-- @BeforeSuite setUp -->
</testsuite> <!-- Add Customers -->
