<?xml version="1.0" encoding="UTF-8"?>
<!-- Generated by org.testng.reporters.JUnitXMLReporter -->
<testsuite hostname="DESKTOP-IC0JENF" ignored="2" name="Add Customers" tests="1" failures="0" timestamp="26 May 2021 09:03:26 GMT" time="2.005" errors="0">
  <testcase name="loginAsmanager" time="1.989" classname="com.personal.testcases.AddCustomer"/>
  <testcase name="@AfterSuite tearDown" time="0.0" classname="com.personal.base.BaseClass">
    <ignored/>
  </testcase> <!-- @AfterSuite tearDown -->
  <testcase name="@BeforeSuite setUp" time="0.0" classname="com.personal.base.BaseClass">
    <ignored/>
  </testcase> <!-- @BeforeSuite setUp -->
</testsuite> <!-- Add Customers -->
