<?xml version="1.0" encoding="UTF-8"?>
<testsuite xmlns:xsi="http://www.w3.org/2001/XMLSchema-instance" xsi:noNamespaceSchemaLocation="https://maven.apache.org/surefire/maven-surefire-plugin/xsd/surefire-test-report-3.0.xsd" version="3.0" name="TestSuite" time="8.918" tests="8" errors="0" skipped="2" failures="2">
  <properties>
[...]
</properties>
  <testcase name="loginAsmanagerTest" classname="com.personal.testcases.AddCustomerTest" time="0.76">
    <system-out><![CDATA[19:32:48.508 [main] INFO  com.personal.base.BaseClass - CHROME browser opened 'http://www.way2automation.com/angularjs-protractor/banking/#/login' website successfully
19:32:48.540 [main] DEBUG com.personal.base.BaseClass - Implicit wait set to - 4seconds   &  pageload timeout set to - 8seconds
19:32:49.074 [main] DEBUG com.personal.base.BaseClass - window maximized
19:32:49.101 [main] INFO  com.personal.base.BaseClass - EXECUTION OF loginAsmanagerTest HAS BEGUN
19:32:49.101 [main] INFO  com.personal.base.BaseClass - description of testcase:- BANK MANAGER LOGIN - login as bank manager and checking availability of ADD CUSTOMER TAB on screen
19:32:49.341 [main] DEBUG com.personal.base.BaseClass - visibilityOfElementLocated timeout for locator(BankMangLogin_css) set to 10 seconds. locator(BankMangLogin_css) clicked successfully
19:32:49.360 [main] ERROR com.personal.base.BaseClass - VERIFY :- '111111111111' is INCORRECT TITLE. Actual Title is :- Protractor practice website - Banking App
19:32:49.461 [main] INFO  com.personal.base.BaseClass - ASSERT :- locator(AddCustomerButton_xpath) is present on page
19:32:49.557 [main] DEBUG com.personal.base.BaseClass - locator(AddCustomerButton_xpath) clicked successfully
000000000000000000000000000000
**********************
[]
**********************
[]
**********************
11111111111111111111111111111
22222222222222222222222222false
19:32:49.560 [main] INFO  com.personal.base.BaseClass - loginAsmanagerTest HAS PASSED
]]></system-out>
    <system-err><![CDATA[Starting ChromeDriver 90.0.4430.24 (4c6d850f087da467d926e8eddb76550aed655991-refs/branch-heads/4430@{#429}) on port 26655
Only local connections are allowed.
Please see https://chromedriver.chromium.org/security-considerations for suggestions on keeping ChromeDriver safe.
ChromeDriver was started successfully.
[1623333767.992][WARNING]: This version of ChromeDriver has not been tested with Chrome version 91.
Jun 10, 2021 7:32:48 PM org.openqa.selenium.remote.ProtocolHandshake createSession
INFO: Detected dialect: W3C
]]></system-err>
  </testcase>
  <testcase name="addMultipleCustomerTest[Shiv, Sahil, 160014](1)" classname="com.personal.testcases.AddCustomerTest" time="0.552">
    <system-out><![CDATA[19:32:50.437 [main] INFO  com.personal.base.BaseClass - EXECUTION OF addMultipleCustomerTest HAS BEGUN
19:32:50.438 [main] INFO  com.personal.base.BaseClass - description of testcase:- BANK MANAGER LOGIN > ADD CUSTOMER TAB - adding multiple customers
19:32:50.636 [main] DEBUG com.personal.base.BaseClass - locator(FirstName_css) filled with value 'Shiv' successfully
19:32:50.757 [main] DEBUG com.personal.base.BaseClass - locator(LastName_css) filled with value 'Sahil' successfully
19:32:50.853 [main] DEBUG com.personal.base.BaseClass - locator(PinCode_css) filled with value '160014' successfully
19:32:50.933 [main] DEBUG com.personal.base.BaseClass - locator(AddCustomer_xpath) clicked successfully
19:32:50.946 [main] INFO  com.personal.base.BaseClass - VERIFY :- text(Customer added successfully with customer id) is present in Alert Box
19:32:50.954 [main] DEBUG com.personal.base.BaseClass -  Action(accept) successfully taken on Alert, present on page
000000000000000000000000000000
**********************
[com.personal.testcases.AddCustomerTest.loginAsmanagerTest]
**********************
[]
**********************
11111111111111111111111111111
22222222222222222222222222false
19:32:50.955 [main] INFO  com.personal.base.BaseClass - addMultipleCustomerTest HAS PASSED
]]></system-out>
  </testcase>
  <testcase name="addMultipleCustomerTest[Sahil, Guleri, 3967](2)" classname="com.personal.testcases.AddCustomerTest" time="0.397">
    <system-out><![CDATA[19:32:50.972 [main] INFO  com.personal.base.BaseClass - EXECUTION OF addMultipleCustomerTest HAS BEGUN
19:32:50.972 [main] INFO  com.personal.base.BaseClass - description of testcase:- BANK MANAGER LOGIN > ADD CUSTOMER TAB - adding multiple customers
19:32:51.120 [main] DEBUG com.personal.base.BaseClass - locator(FirstName_css) filled with value 'Sahil' successfully
19:32:51.193 [main] DEBUG com.personal.base.BaseClass - locator(LastName_css) filled with value 'Guleri' successfully
19:32:51.271 [main] DEBUG com.personal.base.BaseClass - locator(PinCode_css) filled with value '3967' successfully
19:32:51.334 [main] DEBUG com.personal.base.BaseClass - locator(AddCustomer_xpath) clicked successfully
19:32:51.343 [main] INFO  com.personal.base.BaseClass - VERIFY :- text(Customer added successfully with customer id) is present in Alert Box
19:32:51.365 [main] DEBUG com.personal.base.BaseClass -  Action(accept) successfully taken on Alert, present on page
000000000000000000000000000000
**********************
[com.personal.testcases.AddCustomerTest.loginAsmanagerTest]
**********************
[]
**********************
11111111111111111111111111111
22222222222222222222222222false
19:32:51.366 [main] INFO  com.personal.base.BaseClass - addMultipleCustomerTest HAS PASSED
]]></system-out>
  </testcase>
  <testcase name="addMultipleCustomerTest[No, Cust, 1332](3)" classname="com.personal.testcases.AddCustomerTest" time="0.575">
    <system-out><![CDATA[19:32:51.377 [main] INFO  com.personal.base.BaseClass - EXECUTION OF addMultipleCustomerTest HAS BEGUN
19:32:51.377 [main] INFO  com.personal.base.BaseClass - description of testcase:- BANK MANAGER LOGIN > ADD CUSTOMER TAB - adding multiple customers
19:32:51.662 [main] DEBUG com.personal.base.BaseClass - locator(FirstName_css) filled with value 'No' successfully
19:32:51.742 [main] DEBUG com.personal.base.BaseClass - locator(LastName_css) filled with value 'Cust' successfully
19:32:51.814 [main] DEBUG com.personal.base.BaseClass - locator(PinCode_css) filled with value '1332' successfully
19:32:51.884 [main] DEBUG com.personal.base.BaseClass - locator(AddCustomer_xpath) clicked successfully
19:32:51.893 [main] INFO  com.personal.base.BaseClass - VERIFY :- text(Customer added successfully with customer id) is present in Alert Box
19:32:51.913 [main] DEBUG com.personal.base.BaseClass -  Action(accept) successfully taken on Alert, present on page
000000000000000000000000000000
**********************
[com.personal.testcases.AddCustomerTest.loginAsmanagerTest]
**********************
[]
**********************
11111111111111111111111111111
22222222222222222222222222false
19:32:51.914 [main] INFO  com.personal.base.BaseClass - addMultipleCustomerTest HAS PASSED
]]></system-out>
  </testcase>
  <testcase name="openAccountMethod[Sahil Guleri, Pound](1)" classname="com.personal.testcases.OpenAccountTest" time="0.894">
    <failure message="locator(Submit_css) can&apos;t be clicked as it&apos;s NOT present on page.&#10; &#10; Error msg is :-   org.openqa.selenium.InvalidSelectorException: invalid selector: An invalid or illegal selector was specified&#10;  (Session info: chrome=91.0.4472.77)&#10;For documentation on this error, please visit: http://seleniumhq.org/exceptions/invalid_selector_exception.html&#10;Build info: version: &apos;3.14.0&apos;, revision: &apos;aacccce0&apos;, time: &apos;2018-08-02T20:19:58.91Z&apos;&#10;System info: host: &apos;DESKTOP-IC0JENF&apos;, ip: &apos;172.16.18.8&apos;, os.name: &apos;Windows 10&apos;, os.arch: &apos;amd64&apos;, os.version: &apos;10.0&apos;, java.version: &apos;1.8.0_271&apos;&#10;Driver info: org.openqa.selenium.chrome.ChromeDriver&#10;Capabilities {acceptInsecureCerts: false, browserName: chrome, browserVersion: 91.0.4472.77, chrome: {chromedriverVersion: 90.0.4430.24 (4c6d850f087da..., userDataDir: C:\Users\NISHAN~1\AppData\L...}, goog:chromeOptions: {debuggerAddress: localhost:53815}, javascriptEnabled: true, networkConnectionEnabled: false, pageLoadStrategy: normal, platform: WINDOWS, platformName: WINDOWS, proxy: Proxy(), setWindowRect: true, strictFileInteractability: false, timeouts: {implicit: 0, pageLoad: 300000, script: 30000}, unhandledPromptBehavior: dismiss and notify, webauthn:extension:largeBlob: true, webauthn:virtualAuthenticators: true}&#10;Session ID: 1421b24330787f552e621cc95c9f15b9&#10;*** Element info: {Using=css selector, value=button[type=&apos;submit&apos;]1111}" type="java.lang.AssertionError"><![CDATA[java.lang.AssertionError: 
locator(Submit_css) can't be clicked as it's NOT present on page.
 
 Error msg is :-   org.openqa.selenium.InvalidSelectorException: invalid selector: An invalid or illegal selector was specified
  (Session info: chrome=91.0.4472.77)
For documentation on this error, please visit: http://seleniumhq.org/exceptions/invalid_selector_exception.html
Build info: version: '3.14.0', revision: 'aacccce0', time: '2018-08-02T20:19:58.91Z'
System info: host: 'DESKTOP-IC0JENF', ip: '172.16.18.8', os.name: 'Windows 10', os.arch: 'amd64', os.version: '10.0', java.version: '1.8.0_271'
Driver info: org.openqa.selenium.chrome.ChromeDriver
Capabilities {acceptInsecureCerts: false, browserName: chrome, browserVersion: 91.0.4472.77, chrome: {chromedriverVersion: 90.0.4430.24 (4c6d850f087da..., userDataDir: C:\Users\NISHAN~1\AppData\L...}, goog:chromeOptions: {debuggerAddress: localhost:53815}, javascriptEnabled: true, networkConnectionEnabled: false, pageLoadStrategy: normal, platform: WINDOWS, platformName: WINDOWS, proxy: Proxy(), setWindowRect: true, strictFileInteractability: false, timeouts: {implicit: 0, pageLoad: 300000, script: 30000}, unhandledPromptBehavior: dismiss and notify, webauthn:extension:largeBlob: true, webauthn:virtualAuthenticators: true}
Session ID: 1421b24330787f552e621cc95c9f15b9
*** Element info: {Using=css selector, value=button[type='submit']1111}
	at com.personal.testcases.OpenAccountTest.openAccountMethod(OpenAccountTest.java:18)
]]></failure>
    <system-out><![CDATA[19:32:51.982 [main] INFO  com.personal.base.BaseClass - EXECUTION OF openAccountMethod HAS BEGUN
19:32:51.982 [main] INFO  com.personal.base.BaseClass - description of testcase:- BANK MANAGER LOGIN > OPEN CUSTOMER TAB - opening multiple customers account
19:32:52.098 [main] DEBUG com.personal.base.BaseClass - locator(OpenAccountTab_xpath) clicked successfully
19:32:52.484 [main] DEBUG com.personal.base.BaseClass - option(Sahil Guleri) selected successfully on dropdown(CustomerDropDown_id)
19:32:52.689 [main] DEBUG com.personal.base.BaseClass - option(Pound) selected successfully on dropdown(CurrencyDropDown_id)
19:32:52.733 [main] ERROR com.personal.base.BaseClass - locator(Submit_css) can't be clicked as it's NOT present on page.
 
 Error msg is :-   org.openqa.selenium.InvalidSelectorException: invalid selector: An invalid or illegal selector was specified
  (Session info: chrome=91.0.4472.77)
For documentation on this error, please visit: http://seleniumhq.org/exceptions/invalid_selector_exception.html
Build info: version: '3.14.0', revision: 'aacccce0', time: '2018-08-02T20:19:58.91Z'
System info: host: 'DESKTOP-IC0JENF', ip: '172.16.18.8', os.name: 'Windows 10', os.arch: 'amd64', os.version: '10.0', java.version: '1.8.0_271'
Driver info: org.openqa.selenium.chrome.ChromeDriver
Capabilities {acceptInsecureCerts: false, browserName: chrome, browserVersion: 91.0.4472.77, chrome: {chromedriverVersion: 90.0.4430.24 (4c6d850f087da..., userDataDir: C:\Users\NISHAN~1\AppData\L...}, goog:chromeOptions: {debuggerAddress: localhost:53815}, javascriptEnabled: true, networkConnectionEnabled: false, pageLoadStrategy: normal, platform: WINDOWS, platformName: WINDOWS, proxy: Proxy(), setWindowRect: true, strictFileInteractability: false, timeouts: {implicit: 0, pageLoad: 300000, script: 30000}, unhandledPromptBehavior: dismiss and notify, webauthn:extension:largeBlob: true, webauthn:virtualAuthenticators: true}
Session ID: 1421b24330787f552e621cc95c9f15b9
*** Element info: {Using=css selector, value=button[type='submit']1111}
**************************[openAccountMethod, CustomerLoginMethodPrerequisites]
19:32:52.736 [main] FATAL com.personal.base.BaseClass - java.lang.AssertionError: locator(Submit_css) can't be clicked as it's NOT present on page.
 
 Error msg is :-   org.openqa.selenium.InvalidSelectorException: invalid selector: An invalid or illegal selector was specified
  (Session info: chrome=91.0.4472.77)
For documentation on this error, please visit: http://seleniumhq.org/exceptions/invalid_selector_exception.html
Build info: version: '3.14.0', revision: 'aacccce0', time: '2018-08-02T20:19:58.91Z'
System info: host: 'DESKTOP-IC0JENF', ip: '172.16.18.8', os.name: 'Windows 10', os.arch: 'amd64', os.version: '10.0', java.version: '1.8.0_271'
Driver info: org.openqa.selenium.chrome.ChromeDriver
Capabilities {acceptInsecureCerts: false, browserName: chrome, browserVersion: 91.0.4472.77, chrome: {chromedriverVersion: 90.0.4430.24 (4c6d850f087da..., userDataDir: C:\Users\NISHAN~1\AppData\L...}, goog:chromeOptions: {debuggerAddress: localhost:53815}, javascriptEnabled: true, networkConnectionEnabled: false, pageLoadStrategy: normal, platform: WINDOWS, platformName: WINDOWS, proxy: Proxy(), setWindowRect: true, strictFileInteractability: false, timeouts: {implicit: 0, pageLoad: 300000, script: 30000}, unhandledPromptBehavior: dismiss and notify, webauthn:extension:largeBlob: true, webauthn:virtualAuthenticators: true}
Session ID: 1421b24330787f552e621cc95c9f15b9
*** Element info: {Using=css selector, value=button[type='submit']1111}
19:32:52.737 [main] ERROR com.personal.base.BaseClass - openAccountMethod HAS FAILED 
19:32:52.848 [main] DEBUG com.personal.base.BaseClass - Screenshot(10_June_07_PM_32_52_738OPENACCOUNTMETHOD.png) of openAccountMethod method taken successfully
19:32:52.849 [main] DEBUG com.personal.base.BaseClass - Screenshot of openAccountMethod method successfully attached to report 
]]></system-out>
  </testcase>
  <testcase name="openAccountMethod[Shiv Sahil, Rupee](2)" classname="com.personal.testcases.OpenAccountTest" time="0.505">
    <failure message="locator(Submit_css) can&apos;t be clicked as it&apos;s NOT present on page.&#10; &#10; Error msg is :-   org.openqa.selenium.InvalidSelectorException: invalid selector: An invalid or illegal selector was specified&#10;  (Session info: chrome=91.0.4472.77)&#10;For documentation on this error, please visit: http://seleniumhq.org/exceptions/invalid_selector_exception.html&#10;Build info: version: &apos;3.14.0&apos;, revision: &apos;aacccce0&apos;, time: &apos;2018-08-02T20:19:58.91Z&apos;&#10;System info: host: &apos;DESKTOP-IC0JENF&apos;, ip: &apos;172.16.18.8&apos;, os.name: &apos;Windows 10&apos;, os.arch: &apos;amd64&apos;, os.version: &apos;10.0&apos;, java.version: &apos;1.8.0_271&apos;&#10;Driver info: org.openqa.selenium.chrome.ChromeDriver&#10;Capabilities {acceptInsecureCerts: false, browserName: chrome, browserVersion: 91.0.4472.77, chrome: {chromedriverVersion: 90.0.4430.24 (4c6d850f087da..., userDataDir: C:\Users\NISHAN~1\AppData\L...}, goog:chromeOptions: {debuggerAddress: localhost:53815}, javascriptEnabled: true, networkConnectionEnabled: false, pageLoadStrategy: normal, platform: WINDOWS, platformName: WINDOWS, proxy: Proxy(), setWindowRect: true, strictFileInteractability: false, timeouts: {implicit: 0, pageLoad: 300000, script: 30000}, unhandledPromptBehavior: dismiss and notify, webauthn:extension:largeBlob: true, webauthn:virtualAuthenticators: true}&#10;Session ID: 1421b24330787f552e621cc95c9f15b9&#10;*** Element info: {Using=css selector, value=button[type=&apos;submit&apos;]1111}" type="java.lang.AssertionError"><![CDATA[java.lang.AssertionError: 
locator(Submit_css) can't be clicked as it's NOT present on page.
 
 Error msg is :-   org.openqa.selenium.InvalidSelectorException: invalid selector: An invalid or illegal selector was specified
  (Session info: chrome=91.0.4472.77)
For documentation on this error, please visit: http://seleniumhq.org/exceptions/invalid_selector_exception.html
Build info: version: '3.14.0', revision: 'aacccce0', time: '2018-08-02T20:19:58.91Z'
System info: host: 'DESKTOP-IC0JENF', ip: '172.16.18.8', os.name: 'Windows 10', os.arch: 'amd64', os.version: '10.0', java.version: '1.8.0_271'
Driver info: org.openqa.selenium.chrome.ChromeDriver
Capabilities {acceptInsecureCerts: false, browserName: chrome, browserVersion: 91.0.4472.77, chrome: {chromedriverVersion: 90.0.4430.24 (4c6d850f087da..., userDataDir: C:\Users\NISHAN~1\AppData\L...}, goog:chromeOptions: {debuggerAddress: localhost:53815}, javascriptEnabled: true, networkConnectionEnabled: false, pageLoadStrategy: normal, platform: WINDOWS, platformName: WINDOWS, proxy: Proxy(), setWindowRect: true, strictFileInteractability: false, timeouts: {implicit: 0, pageLoad: 300000, script: 30000}, unhandledPromptBehavior: dismiss and notify, webauthn:extension:largeBlob: true, webauthn:virtualAuthenticators: true}
Session ID: 1421b24330787f552e621cc95c9f15b9
*** Element info: {Using=css selector, value=button[type='submit']1111}
	at com.personal.testcases.OpenAccountTest.openAccountMethod(OpenAccountTest.java:18)
]]></failure>
    <system-out><![CDATA[19:32:52.866 [main] INFO  com.personal.base.BaseClass - EXECUTION OF openAccountMethod HAS BEGUN
19:32:52.866 [main] INFO  com.personal.base.BaseClass - description of testcase:- BANK MANAGER LOGIN > OPEN CUSTOMER TAB - opening multiple customers account
19:32:52.938 [main] DEBUG com.personal.base.BaseClass - locator(OpenAccountTab_xpath) clicked successfully
19:32:53.113 [main] DEBUG com.personal.base.BaseClass - option(Shiv Sahil) selected successfully on dropdown(CustomerDropDown_id)
19:32:53.274 [main] DEBUG com.personal.base.BaseClass - option(Rupee) selected successfully on dropdown(CurrencyDropDown_id)
19:32:53.286 [main] ERROR com.personal.base.BaseClass - locator(Submit_css) can't be clicked as it's NOT present on page.
 
 Error msg is :-   org.openqa.selenium.InvalidSelectorException: invalid selector: An invalid or illegal selector was specified
  (Session info: chrome=91.0.4472.77)
For documentation on this error, please visit: http://seleniumhq.org/exceptions/invalid_selector_exception.html
Build info: version: '3.14.0', revision: 'aacccce0', time: '2018-08-02T20:19:58.91Z'
System info: host: 'DESKTOP-IC0JENF', ip: '172.16.18.8', os.name: 'Windows 10', os.arch: 'amd64', os.version: '10.0', java.version: '1.8.0_271'
Driver info: org.openqa.selenium.chrome.ChromeDriver
Capabilities {acceptInsecureCerts: false, browserName: chrome, browserVersion: 91.0.4472.77, chrome: {chromedriverVersion: 90.0.4430.24 (4c6d850f087da..., userDataDir: C:\Users\NISHAN~1\AppData\L...}, goog:chromeOptions: {debuggerAddress: localhost:53815}, javascriptEnabled: true, networkConnectionEnabled: false, pageLoadStrategy: normal, platform: WINDOWS, platformName: WINDOWS, proxy: Proxy(), setWindowRect: true, strictFileInteractability: false, timeouts: {implicit: 0, pageLoad: 300000, script: 30000}, unhandledPromptBehavior: dismiss and notify, webauthn:extension:largeBlob: true, webauthn:virtualAuthenticators: true}
Session ID: 1421b24330787f552e621cc95c9f15b9
*** Element info: {Using=css selector, value=button[type='submit']1111}
**************************[openAccountMethod, CustomerLoginMethodPrerequisites, openAccountMethod, CustomerLoginMethodPrerequisites]
19:32:53.287 [main] FATAL com.personal.base.BaseClass - java.lang.AssertionError: locator(Submit_css) can't be clicked as it's NOT present on page.
 
 Error msg is :-   org.openqa.selenium.InvalidSelectorException: invalid selector: An invalid or illegal selector was specified
  (Session info: chrome=91.0.4472.77)
For documentation on this error, please visit: http://seleniumhq.org/exceptions/invalid_selector_exception.html
Build info: version: '3.14.0', revision: 'aacccce0', time: '2018-08-02T20:19:58.91Z'
System info: host: 'DESKTOP-IC0JENF', ip: '172.16.18.8', os.name: 'Windows 10', os.arch: 'amd64', os.version: '10.0', java.version: '1.8.0_271'
Driver info: org.openqa.selenium.chrome.ChromeDriver
Capabilities {acceptInsecureCerts: false, browserName: chrome, browserVersion: 91.0.4472.77, chrome: {chromedriverVersion: 90.0.4430.24 (4c6d850f087da..., userDataDir: C:\Users\NISHAN~1\AppData\L...}, goog:chromeOptions: {debuggerAddress: localhost:53815}, javascriptEnabled: true, networkConnectionEnabled: false, pageLoadStrategy: normal, platform: WINDOWS, platformName: WINDOWS, proxy: Proxy(), setWindowRect: true, strictFileInteractability: false, timeouts: {implicit: 0, pageLoad: 300000, script: 30000}, unhandledPromptBehavior: dismiss and notify, webauthn:extension:largeBlob: true, webauthn:virtualAuthenticators: true}
Session ID: 1421b24330787f552e621cc95c9f15b9
*** Element info: {Using=css selector, value=button[type='submit']1111}
19:32:53.287 [main] ERROR com.personal.base.BaseClass - openAccountMethod HAS FAILED 
19:32:53.357 [main] DEBUG com.personal.base.BaseClass - Screenshot(10_June_07_PM_32_53_287OPENACCOUNTMETHOD.png) of openAccountMethod method taken successfully
19:32:53.358 [main] DEBUG com.personal.base.BaseClass - Screenshot of openAccountMethod method successfully attached to report 
]]></system-out>
  </testcase>
  <testcase name="customerLoginMethod" classname="com.personal.testcases.CustomerLoginTest" time="0">
    <skipped message="Method CustomerLoginTest.customerLoginMethod()[pri:0, instance:com.personal.testcases.CustomerLoginTest@28f2a10f] depends on not successfully finished methods in group &quot;CustomerLoginMethodPrerequisites&quot;"/>
    <system-out><![CDATA[19:32:53.369 [main] INFO  com.personal.base.BaseClass - EXECUTION OF customerLoginMethod HAS BEGUN
19:32:53.369 [main] INFO  com.personal.base.BaseClass - description of testcase:- CUSTOMER LOGIN - login as customer
]]></system-out>
  </testcase>
  <testcase name="roug" classname="com.personal.testcases.Rough" time="0">
    <skipped message="Method Rough.roug()[pri:0, instance:com.personal.testcases.Rough@f736069] depends on not successfully finished methods in group &quot;CustomerLoginMethodPrerequisites&quot;"/>
    <system-out><![CDATA[19:32:53.370 [main] INFO  com.personal.base.BaseClass - EXECUTION OF roug HAS BEGUN
19:32:53.371 [main] INFO  com.personal.base.BaseClass - description of testcase:- ROUGHHHHHHHHHHHHHHHHHHHH
]]></system-out>
  </testcase>
</testsuite>