<?xml version="1.0" encoding="UTF-8"?>
<testsuite xmlns:xsi="http://www.w3.org/2001/XMLSchema-instance" xsi:noNamespaceSchemaLocation="https://maven.apache.org/surefire/maven-surefire-plugin/xsd/surefire-test-report-3.0.xsd" version="3.0" name="TestSuite" time="22.26" tests="18" errors="0" skipped="6" failures="4">
  <properties>
[...]
</properties>
  <testcase name="loginAsmanagerTest" classname="com.personal.testcases.AddCustomerTest" time="0.517">
    <system-out><![CDATA[16:46:19.205 [main] ERROR com.personal.base.BaseClass - VERIFY :- '111111111111' is INCORRECT TITLE. Actual Title is :- Protractor practice website - Banking App
]]></system-out>
    <system-err><![CDATA[Starting ChromeDriver 90.0.4430.24 (4c6d850f087da467d926e8eddb76550aed655991-refs/branch-heads/4430@{#429}) on port 27542
Only local connections are allowed.
Please see https://chromedriver.chromium.org/security-considerations for suggestions on keeping ChromeDriver safe.
ChromeDriver was started successfully.
[1623410177.530][WARNING]: This version of ChromeDriver has not been tested with Chrome version 91.
Jun 11, 2021 4:46:17 PM org.openqa.selenium.remote.ProtocolHandshake createSession
INFO: Detected dialect: W3C
]]></system-err>
  </testcase>
  <testcase name="loginAsmanagerTest" classname="com.personal.testcases.AddCustomerTest" time="0.392">
    <system-out><![CDATA[16:46:26.790 [main] ERROR com.personal.base.BaseClass - customerLoginMethod HAS SKIPPED BECAUSE IT'S DEPENDENCY '[CustomerLoginMethodPrerequisites]' HAS FAILED
16:46:29.484 [main] ERROR com.personal.base.BaseClass - VERIFY :- '111111111111' is INCORRECT TITLE. Actual Title is :- Protractor practice website - Banking App
]]></system-out>
    <system-err><![CDATA[Starting ChromeDriver 90.0.4430.24 (4c6d850f087da467d926e8eddb76550aed655991-refs/branch-heads/4430@{#429}) on port 5227
Only local connections are allowed.
Please see https://chromedriver.chromium.org/security-considerations for suggestions on keeping ChromeDriver safe.
ChromeDriver was started successfully.
[1623410188.625][WARNING]: This version of ChromeDriver has not been tested with Chrome version 91.
Jun 11, 2021 4:46:28 PM org.openqa.selenium.remote.ProtocolHandshake createSession
INFO: Detected dialect: W3C
]]></system-err>
  </testcase>
  <testcase name="addMultipleCustomerTest[Shiv, Sahil, 160014](1)" classname="com.personal.testcases.AddCustomerTest" time="0.612"/>
  <testcase name="addMultipleCustomerTest[Shiv, Sahil, 160014](1)" classname="com.personal.testcases.AddCustomerTest" time="0.768"/>
  <testcase name="addMultipleCustomerTest[Sahil, Guleri, 3967](2)" classname="com.personal.testcases.AddCustomerTest" time="0.374"/>
  <testcase name="addMultipleCustomerTest[Sahil, Guleri, 3967](2)" classname="com.personal.testcases.AddCustomerTest" time="0.353"/>
  <testcase name="addMultipleCustomerTest[No, Cust, 1332](3)" classname="com.personal.testcases.AddCustomerTest" time="0.377"/>
  <testcase name="addMultipleCustomerTest[No, Cust, 1332](3)" classname="com.personal.testcases.AddCustomerTest" time="0.388"/>
  <testcase name="openAccountMethod[Sahil Guleri, Pound](1)" classname="com.personal.testcases.OpenAccountTest" time="0">
    <skipped message="locator(Submit_css) can&apos;t be clicked as it&apos;s NOT present on page.&#10; &#10; Error msg is :-   org.openqa.selenium.InvalidSelectorException: invalid selector: An invalid or illegal selector was specified&#10;  (Session info: chrome=91.0.4472.77)&#10;For documentation on this error, please visit: http://seleniumhq.org/exceptions/invalid_selector_exception.html&#10;Build info: version: &apos;3.14.0&apos;, revision: &apos;aacccce0&apos;, time: &apos;2018-08-02T20:19:58.91Z&apos;&#10;System info: host: &apos;DESKTOP-IC0JENF&apos;, ip: &apos;172.16.18.8&apos;, os.name: &apos;Windows 10&apos;, os.arch: &apos;amd64&apos;, os.version: &apos;10.0&apos;, java.version: &apos;1.8.0_271&apos;&#10;Driver info: org.openqa.selenium.chrome.ChromeDriver&#10;Capabilities {acceptInsecureCerts: false, browserName: chrome, browserVersion: 91.0.4472.77, chrome: {chromedriverVersion: 90.0.4430.24 (4c6d850f087da..., userDataDir: C:\Users\NISHAN~1\AppData\L...}, goog:chromeOptions: {debuggerAddress: localhost:63924}, javascriptEnabled: true, networkConnectionEnabled: false, pageLoadStrategy: normal, platform: WINDOWS, platformName: WINDOWS, proxy: Proxy(), setWindowRect: true, strictFileInteractability: false, timeouts: {implicit: 0, pageLoad: 300000, script: 30000}, unhandledPromptBehavior: dismiss and notify, webauthn:extension:largeBlob: true, webauthn:virtualAuthenticators: true}&#10;Session ID: e8d3207d03ebbdd977f8a05dd1959747&#10;*** Element info: {Using=css selector, value=button[type=&apos;submit&apos;]1111111}"/>
    <system-out><![CDATA[16:46:22.322 [main] ERROR com.personal.base.BaseClass - locator(Submit_css) can't be clicked as it's NOT present on page.
 
 Error msg is :-   org.openqa.selenium.InvalidSelectorException: invalid selector: An invalid or illegal selector was specified
  (Session info: chrome=91.0.4472.77)
For documentation on this error, please visit: http://seleniumhq.org/exceptions/invalid_selector_exception.html
Build info: version: '3.14.0', revision: 'aacccce0', time: '2018-08-02T20:19:58.91Z'
System info: host: 'DESKTOP-IC0JENF', ip: '172.16.18.8', os.name: 'Windows 10', os.arch: 'amd64', os.version: '10.0', java.version: '1.8.0_271'
Driver info: org.openqa.selenium.chrome.ChromeDriver
Capabilities {acceptInsecureCerts: false, browserName: chrome, browserVersion: 91.0.4472.77, chrome: {chromedriverVersion: 90.0.4430.24 (4c6d850f087da..., userDataDir: C:\Users\NISHAN~1\AppData\L...}, goog:chromeOptions: {debuggerAddress: localhost:63924}, javascriptEnabled: true, networkConnectionEnabled: false, pageLoadStrategy: normal, platform: WINDOWS, platformName: WINDOWS, proxy: Proxy(), setWindowRect: true, strictFileInteractability: false, timeouts: {implicit: 0, pageLoad: 300000, script: 30000}, unhandledPromptBehavior: dismiss and notify, webauthn:extension:largeBlob: true, webauthn:virtualAuthenticators: true}
Session ID: e8d3207d03ebbdd977f8a05dd1959747
*** Element info: {Using=css selector, value=button[type='submit']1111111}
]]></system-out>
  </testcase>
  <testcase name="openAccountMethod[Sahil Guleri, Pound](1)" classname="com.personal.testcases.OpenAccountTest" time="0">
    <skipped message="locator(Submit_css) can&apos;t be clicked as it&apos;s NOT present on page.&#10; &#10; Error msg is :-   org.openqa.selenium.InvalidSelectorException: invalid selector: An invalid or illegal selector was specified&#10;  (Session info: chrome=91.0.4472.77)&#10;For documentation on this error, please visit: http://seleniumhq.org/exceptions/invalid_selector_exception.html&#10;Build info: version: &apos;3.14.0&apos;, revision: &apos;aacccce0&apos;, time: &apos;2018-08-02T20:19:58.91Z&apos;&#10;System info: host: &apos;DESKTOP-IC0JENF&apos;, ip: &apos;172.16.18.8&apos;, os.name: &apos;Windows 10&apos;, os.arch: &apos;amd64&apos;, os.version: &apos;10.0&apos;, java.version: &apos;1.8.0_271&apos;&#10;Driver info: org.openqa.selenium.chrome.ChromeDriver&#10;Capabilities {acceptInsecureCerts: false, browserName: chrome, browserVersion: 91.0.4472.77, chrome: {chromedriverVersion: 90.0.4430.24 (4c6d850f087da..., userDataDir: C:\Users\NISHAN~1\AppData\L...}, goog:chromeOptions: {debuggerAddress: localhost:59439}, javascriptEnabled: true, networkConnectionEnabled: false, pageLoadStrategy: normal, platform: WINDOWS, platformName: WINDOWS, proxy: Proxy(), setWindowRect: true, strictFileInteractability: false, timeouts: {implicit: 0, pageLoad: 300000, script: 30000}, unhandledPromptBehavior: dismiss and notify, webauthn:extension:largeBlob: true, webauthn:virtualAuthenticators: true}&#10;Session ID: f7516941a28dc923a08210abdf47b0d2&#10;*** Element info: {Using=css selector, value=button[type=&apos;submit&apos;]1111111}"/>
    <system-out><![CDATA[16:46:32.184 [main] ERROR com.personal.base.BaseClass - locator(Submit_css) can't be clicked as it's NOT present on page.
 
 Error msg is :-   org.openqa.selenium.InvalidSelectorException: invalid selector: An invalid or illegal selector was specified
  (Session info: chrome=91.0.4472.77)
For documentation on this error, please visit: http://seleniumhq.org/exceptions/invalid_selector_exception.html
Build info: version: '3.14.0', revision: 'aacccce0', time: '2018-08-02T20:19:58.91Z'
System info: host: 'DESKTOP-IC0JENF', ip: '172.16.18.8', os.name: 'Windows 10', os.arch: 'amd64', os.version: '10.0', java.version: '1.8.0_271'
Driver info: org.openqa.selenium.chrome.ChromeDriver
Capabilities {acceptInsecureCerts: false, browserName: chrome, browserVersion: 91.0.4472.77, chrome: {chromedriverVersion: 90.0.4430.24 (4c6d850f087da..., userDataDir: C:\Users\NISHAN~1\AppData\L...}, goog:chromeOptions: {debuggerAddress: localhost:59439}, javascriptEnabled: true, networkConnectionEnabled: false, pageLoadStrategy: normal, platform: WINDOWS, platformName: WINDOWS, proxy: Proxy(), setWindowRect: true, strictFileInteractability: false, timeouts: {implicit: 0, pageLoad: 300000, script: 30000}, unhandledPromptBehavior: dismiss and notify, webauthn:extension:largeBlob: true, webauthn:virtualAuthenticators: true}
Session ID: f7516941a28dc923a08210abdf47b0d2
*** Element info: {Using=css selector, value=button[type='submit']1111111}
]]></system-out>
  </testcase>
  <testcase name="openAccountMethod[Sahil Guleri, Pound](2)" classname="com.personal.testcases.OpenAccountTest" time="0.358">
    <failure message="locator(Submit_css) can&apos;t be clicked as it&apos;s NOT present on page.&#10; &#10; Error msg is :-   org.openqa.selenium.InvalidSelectorException: invalid selector: An invalid or illegal selector was specified&#10;  (Session info: chrome=91.0.4472.77)&#10;For documentation on this error, please visit: http://seleniumhq.org/exceptions/invalid_selector_exception.html&#10;Build info: version: &apos;3.14.0&apos;, revision: &apos;aacccce0&apos;, time: &apos;2018-08-02T20:19:58.91Z&apos;&#10;System info: host: &apos;DESKTOP-IC0JENF&apos;, ip: &apos;172.16.18.8&apos;, os.name: &apos;Windows 10&apos;, os.arch: &apos;amd64&apos;, os.version: &apos;10.0&apos;, java.version: &apos;1.8.0_271&apos;&#10;Driver info: org.openqa.selenium.chrome.ChromeDriver&#10;Capabilities {acceptInsecureCerts: false, browserName: chrome, browserVersion: 91.0.4472.77, chrome: {chromedriverVersion: 90.0.4430.24 (4c6d850f087da..., userDataDir: C:\Users\NISHAN~1\AppData\L...}, goog:chromeOptions: {debuggerAddress: localhost:63924}, javascriptEnabled: true, networkConnectionEnabled: false, pageLoadStrategy: normal, platform: WINDOWS, platformName: WINDOWS, proxy: Proxy(), setWindowRect: true, strictFileInteractability: false, timeouts: {implicit: 0, pageLoad: 300000, script: 30000}, unhandledPromptBehavior: dismiss and notify, webauthn:extension:largeBlob: true, webauthn:virtualAuthenticators: true}&#10;Session ID: e8d3207d03ebbdd977f8a05dd1959747&#10;*** Element info: {Using=css selector, value=button[type=&apos;submit&apos;]1111111}" type="java.lang.AssertionError"><![CDATA[java.lang.AssertionError: 
locator(Submit_css) can't be clicked as it's NOT present on page.
 
 Error msg is :-   org.openqa.selenium.InvalidSelectorException: invalid selector: An invalid or illegal selector was specified
  (Session info: chrome=91.0.4472.77)
For documentation on this error, please visit: http://seleniumhq.org/exceptions/invalid_selector_exception.html
Build info: version: '3.14.0', revision: 'aacccce0', time: '2018-08-02T20:19:58.91Z'
System info: host: 'DESKTOP-IC0JENF', ip: '172.16.18.8', os.name: 'Windows 10', os.arch: 'amd64', os.version: '10.0', java.version: '1.8.0_271'
Driver info: org.openqa.selenium.chrome.ChromeDriver
Capabilities {acceptInsecureCerts: false, browserName: chrome, browserVersion: 91.0.4472.77, chrome: {chromedriverVersion: 90.0.4430.24 (4c6d850f087da..., userDataDir: C:\Users\NISHAN~1\AppData\L...}, goog:chromeOptions: {debuggerAddress: localhost:63924}, javascriptEnabled: true, networkConnectionEnabled: false, pageLoadStrategy: normal, platform: WINDOWS, platformName: WINDOWS, proxy: Proxy(), setWindowRect: true, strictFileInteractability: false, timeouts: {implicit: 0, pageLoad: 300000, script: 30000}, unhandledPromptBehavior: dismiss and notify, webauthn:extension:largeBlob: true, webauthn:virtualAuthenticators: true}
Session ID: e8d3207d03ebbdd977f8a05dd1959747
*** Element info: {Using=css selector, value=button[type='submit']1111111}
	at com.personal.testcases.OpenAccountTest.openAccountMethod(OpenAccountTest.java:18)
]]></failure>
    <system-out><![CDATA[16:46:23.831 [main] ERROR com.personal.base.BaseClass - openAccountMethod HAS SKIPPED BECAUSE IT'S DEPENDENCY '[openAccountMethodPrerequisites]' HAS FAILED
16:46:24.215 [main] ERROR com.personal.base.BaseClass - locator(Submit_css) can't be clicked as it's NOT present on page.
 
 Error msg is :-   org.openqa.selenium.InvalidSelectorException: invalid selector: An invalid or illegal selector was specified
  (Session info: chrome=91.0.4472.77)
For documentation on this error, please visit: http://seleniumhq.org/exceptions/invalid_selector_exception.html
Build info: version: '3.14.0', revision: 'aacccce0', time: '2018-08-02T20:19:58.91Z'
System info: host: 'DESKTOP-IC0JENF', ip: '172.16.18.8', os.name: 'Windows 10', os.arch: 'amd64', os.version: '10.0', java.version: '1.8.0_271'
Driver info: org.openqa.selenium.chrome.ChromeDriver
Capabilities {acceptInsecureCerts: false, browserName: chrome, browserVersion: 91.0.4472.77, chrome: {chromedriverVersion: 90.0.4430.24 (4c6d850f087da..., userDataDir: C:\Users\NISHAN~1\AppData\L...}, goog:chromeOptions: {debuggerAddress: localhost:63924}, javascriptEnabled: true, networkConnectionEnabled: false, pageLoadStrategy: normal, platform: WINDOWS, platformName: WINDOWS, proxy: Proxy(), setWindowRect: true, strictFileInteractability: false, timeouts: {implicit: 0, pageLoad: 300000, script: 30000}, unhandledPromptBehavior: dismiss and notify, webauthn:extension:largeBlob: true, webauthn:virtualAuthenticators: true}
Session ID: e8d3207d03ebbdd977f8a05dd1959747
*** Element info: {Using=css selector, value=button[type='submit']1111111}
]]></system-out>
  </testcase>
  <testcase name="openAccountMethod[Sahil Guleri, Pound](2)" classname="com.personal.testcases.OpenAccountTest" time="0.303">
    <failure message="locator(Submit_css) can&apos;t be clicked as it&apos;s NOT present on page.&#10; &#10; Error msg is :-   org.openqa.selenium.InvalidSelectorException: invalid selector: An invalid or illegal selector was specified&#10;  (Session info: chrome=91.0.4472.77)&#10;For documentation on this error, please visit: http://seleniumhq.org/exceptions/invalid_selector_exception.html&#10;Build info: version: &apos;3.14.0&apos;, revision: &apos;aacccce0&apos;, time: &apos;2018-08-02T20:19:58.91Z&apos;&#10;System info: host: &apos;DESKTOP-IC0JENF&apos;, ip: &apos;172.16.18.8&apos;, os.name: &apos;Windows 10&apos;, os.arch: &apos;amd64&apos;, os.version: &apos;10.0&apos;, java.version: &apos;1.8.0_271&apos;&#10;Driver info: org.openqa.selenium.chrome.ChromeDriver&#10;Capabilities {acceptInsecureCerts: false, browserName: chrome, browserVersion: 91.0.4472.77, chrome: {chromedriverVersion: 90.0.4430.24 (4c6d850f087da..., userDataDir: C:\Users\NISHAN~1\AppData\L...}, goog:chromeOptions: {debuggerAddress: localhost:59439}, javascriptEnabled: true, networkConnectionEnabled: false, pageLoadStrategy: normal, platform: WINDOWS, platformName: WINDOWS, proxy: Proxy(), setWindowRect: true, strictFileInteractability: false, timeouts: {implicit: 0, pageLoad: 300000, script: 30000}, unhandledPromptBehavior: dismiss and notify, webauthn:extension:largeBlob: true, webauthn:virtualAuthenticators: true}&#10;Session ID: f7516941a28dc923a08210abdf47b0d2&#10;*** Element info: {Using=css selector, value=button[type=&apos;submit&apos;]1111111}" type="java.lang.AssertionError"><![CDATA[java.lang.AssertionError: 
locator(Submit_css) can't be clicked as it's NOT present on page.
 
 Error msg is :-   org.openqa.selenium.InvalidSelectorException: invalid selector: An invalid or illegal selector was specified
  (Session info: chrome=91.0.4472.77)
For documentation on this error, please visit: http://seleniumhq.org/exceptions/invalid_selector_exception.html
Build info: version: '3.14.0', revision: 'aacccce0', time: '2018-08-02T20:19:58.91Z'
System info: host: 'DESKTOP-IC0JENF', ip: '172.16.18.8', os.name: 'Windows 10', os.arch: 'amd64', os.version: '10.0', java.version: '1.8.0_271'
Driver info: org.openqa.selenium.chrome.ChromeDriver
Capabilities {acceptInsecureCerts: false, browserName: chrome, browserVersion: 91.0.4472.77, chrome: {chromedriverVersion: 90.0.4430.24 (4c6d850f087da..., userDataDir: C:\Users\NISHAN~1\AppData\L...}, goog:chromeOptions: {debuggerAddress: localhost:59439}, javascriptEnabled: true, networkConnectionEnabled: false, pageLoadStrategy: normal, platform: WINDOWS, platformName: WINDOWS, proxy: Proxy(), setWindowRect: true, strictFileInteractability: false, timeouts: {implicit: 0, pageLoad: 300000, script: 30000}, unhandledPromptBehavior: dismiss and notify, webauthn:extension:largeBlob: true, webauthn:virtualAuthenticators: true}
Session ID: f7516941a28dc923a08210abdf47b0d2
*** Element info: {Using=css selector, value=button[type='submit']1111111}
	at com.personal.testcases.OpenAccountTest.openAccountMethod(OpenAccountTest.java:18)
]]></failure>
    <system-out><![CDATA[16:46:33.697 [main] ERROR com.personal.base.BaseClass - openAccountMethod HAS SKIPPED BECAUSE IT'S DEPENDENCY '[openAccountMethodPrerequisites]' HAS FAILED
16:46:34.021 [main] ERROR com.personal.base.BaseClass - locator(Submit_css) can't be clicked as it's NOT present on page.
 
 Error msg is :-   org.openqa.selenium.InvalidSelectorException: invalid selector: An invalid or illegal selector was specified
  (Session info: chrome=91.0.4472.77)
For documentation on this error, please visit: http://seleniumhq.org/exceptions/invalid_selector_exception.html
Build info: version: '3.14.0', revision: 'aacccce0', time: '2018-08-02T20:19:58.91Z'
System info: host: 'DESKTOP-IC0JENF', ip: '172.16.18.8', os.name: 'Windows 10', os.arch: 'amd64', os.version: '10.0', java.version: '1.8.0_271'
Driver info: org.openqa.selenium.chrome.ChromeDriver
Capabilities {acceptInsecureCerts: false, browserName: chrome, browserVersion: 91.0.4472.77, chrome: {chromedriverVersion: 90.0.4430.24 (4c6d850f087da..., userDataDir: C:\Users\NISHAN~1\AppData\L...}, goog:chromeOptions: {debuggerAddress: localhost:59439}, javascriptEnabled: true, networkConnectionEnabled: false, pageLoadStrategy: normal, platform: WINDOWS, platformName: WINDOWS, proxy: Proxy(), setWindowRect: true, strictFileInteractability: false, timeouts: {implicit: 0, pageLoad: 300000, script: 30000}, unhandledPromptBehavior: dismiss and notify, webauthn:extension:largeBlob: true, webauthn:virtualAuthenticators: true}
Session ID: f7516941a28dc923a08210abdf47b0d2
*** Element info: {Using=css selector, value=button[type='submit']1111111}
]]></system-out>
  </testcase>
  <testcase name="openAccountMethod[Shiv Sahil, Rupee](3)" classname="com.personal.testcases.OpenAccountTest" time="0">
    <skipped message="locator(Submit_css) can&apos;t be clicked as it&apos;s NOT present on page.&#10; &#10; Error msg is :-   org.openqa.selenium.InvalidSelectorException: invalid selector: An invalid or illegal selector was specified&#10;  (Session info: chrome=91.0.4472.77)&#10;For documentation on this error, please visit: http://seleniumhq.org/exceptions/invalid_selector_exception.html&#10;Build info: version: &apos;3.14.0&apos;, revision: &apos;aacccce0&apos;, time: &apos;2018-08-02T20:19:58.91Z&apos;&#10;System info: host: &apos;DESKTOP-IC0JENF&apos;, ip: &apos;172.16.18.8&apos;, os.name: &apos;Windows 10&apos;, os.arch: &apos;amd64&apos;, os.version: &apos;10.0&apos;, java.version: &apos;1.8.0_271&apos;&#10;Driver info: org.openqa.selenium.chrome.ChromeDriver&#10;Capabilities {acceptInsecureCerts: false, browserName: chrome, browserVersion: 91.0.4472.77, chrome: {chromedriverVersion: 90.0.4430.24 (4c6d850f087da..., userDataDir: C:\Users\NISHAN~1\AppData\L...}, goog:chromeOptions: {debuggerAddress: localhost:63924}, javascriptEnabled: true, networkConnectionEnabled: false, pageLoadStrategy: normal, platform: WINDOWS, platformName: WINDOWS, proxy: Proxy(), setWindowRect: true, strictFileInteractability: false, timeouts: {implicit: 0, pageLoad: 300000, script: 30000}, unhandledPromptBehavior: dismiss and notify, webauthn:extension:largeBlob: true, webauthn:virtualAuthenticators: true}&#10;Session ID: e8d3207d03ebbdd977f8a05dd1959747&#10;*** Element info: {Using=css selector, value=button[type=&apos;submit&apos;]1111111}"/>
    <system-out><![CDATA[16:46:24.219 [main] ERROR com.personal.base.BaseClass - openAccountMethod HAS FAILED 
16:46:24.795 [main] ERROR com.personal.base.BaseClass - locator(Submit_css) can't be clicked as it's NOT present on page.
 
 Error msg is :-   org.openqa.selenium.InvalidSelectorException: invalid selector: An invalid or illegal selector was specified
  (Session info: chrome=91.0.4472.77)
For documentation on this error, please visit: http://seleniumhq.org/exceptions/invalid_selector_exception.html
Build info: version: '3.14.0', revision: 'aacccce0', time: '2018-08-02T20:19:58.91Z'
System info: host: 'DESKTOP-IC0JENF', ip: '172.16.18.8', os.name: 'Windows 10', os.arch: 'amd64', os.version: '10.0', java.version: '1.8.0_271'
Driver info: org.openqa.selenium.chrome.ChromeDriver
Capabilities {acceptInsecureCerts: false, browserName: chrome, browserVersion: 91.0.4472.77, chrome: {chromedriverVersion: 90.0.4430.24 (4c6d850f087da..., userDataDir: C:\Users\NISHAN~1\AppData\L...}, goog:chromeOptions: {debuggerAddress: localhost:63924}, javascriptEnabled: true, networkConnectionEnabled: false, pageLoadStrategy: normal, platform: WINDOWS, platformName: WINDOWS, proxy: Proxy(), setWindowRect: true, strictFileInteractability: false, timeouts: {implicit: 0, pageLoad: 300000, script: 30000}, unhandledPromptBehavior: dismiss and notify, webauthn:extension:largeBlob: true, webauthn:virtualAuthenticators: true}
Session ID: e8d3207d03ebbdd977f8a05dd1959747
*** Element info: {Using=css selector, value=button[type='submit']1111111}
]]></system-out>
  </testcase>
  <testcase name="openAccountMethod[Shiv Sahil, Rupee](3)" classname="com.personal.testcases.OpenAccountTest" time="0">
    <skipped message="locator(Submit_css) can&apos;t be clicked as it&apos;s NOT present on page.&#10; &#10; Error msg is :-   org.openqa.selenium.InvalidSelectorException: invalid selector: An invalid or illegal selector was specified&#10;  (Session info: chrome=91.0.4472.77)&#10;For documentation on this error, please visit: http://seleniumhq.org/exceptions/invalid_selector_exception.html&#10;Build info: version: &apos;3.14.0&apos;, revision: &apos;aacccce0&apos;, time: &apos;2018-08-02T20:19:58.91Z&apos;&#10;System info: host: &apos;DESKTOP-IC0JENF&apos;, ip: &apos;172.16.18.8&apos;, os.name: &apos;Windows 10&apos;, os.arch: &apos;amd64&apos;, os.version: &apos;10.0&apos;, java.version: &apos;1.8.0_271&apos;&#10;Driver info: org.openqa.selenium.chrome.ChromeDriver&#10;Capabilities {acceptInsecureCerts: false, browserName: chrome, browserVersion: 91.0.4472.77, chrome: {chromedriverVersion: 90.0.4430.24 (4c6d850f087da..., userDataDir: C:\Users\NISHAN~1\AppData\L...}, goog:chromeOptions: {debuggerAddress: localhost:59439}, javascriptEnabled: true, networkConnectionEnabled: false, pageLoadStrategy: normal, platform: WINDOWS, platformName: WINDOWS, proxy: Proxy(), setWindowRect: true, strictFileInteractability: false, timeouts: {implicit: 0, pageLoad: 300000, script: 30000}, unhandledPromptBehavior: dismiss and notify, webauthn:extension:largeBlob: true, webauthn:virtualAuthenticators: true}&#10;Session ID: f7516941a28dc923a08210abdf47b0d2&#10;*** Element info: {Using=css selector, value=button[type=&apos;submit&apos;]1111111}"/>
    <system-out><![CDATA[16:46:34.022 [main] ERROR com.personal.base.BaseClass - openAccountMethod HAS FAILED 
16:46:34.629 [main] ERROR com.personal.base.BaseClass - locator(Submit_css) can't be clicked as it's NOT present on page.
 
 Error msg is :-   org.openqa.selenium.InvalidSelectorException: invalid selector: An invalid or illegal selector was specified
  (Session info: chrome=91.0.4472.77)
For documentation on this error, please visit: http://seleniumhq.org/exceptions/invalid_selector_exception.html
Build info: version: '3.14.0', revision: 'aacccce0', time: '2018-08-02T20:19:58.91Z'
System info: host: 'DESKTOP-IC0JENF', ip: '172.16.18.8', os.name: 'Windows 10', os.arch: 'amd64', os.version: '10.0', java.version: '1.8.0_271'
Driver info: org.openqa.selenium.chrome.ChromeDriver
Capabilities {acceptInsecureCerts: false, browserName: chrome, browserVersion: 91.0.4472.77, chrome: {chromedriverVersion: 90.0.4430.24 (4c6d850f087da..., userDataDir: C:\Users\NISHAN~1\AppData\L...}, goog:chromeOptions: {debuggerAddress: localhost:59439}, javascriptEnabled: true, networkConnectionEnabled: false, pageLoadStrategy: normal, platform: WINDOWS, platformName: WINDOWS, proxy: Proxy(), setWindowRect: true, strictFileInteractability: false, timeouts: {implicit: 0, pageLoad: 300000, script: 30000}, unhandledPromptBehavior: dismiss and notify, webauthn:extension:largeBlob: true, webauthn:virtualAuthenticators: true}
Session ID: f7516941a28dc923a08210abdf47b0d2
*** Element info: {Using=css selector, value=button[type='submit']1111111}
]]></system-out>
  </testcase>
  <testcase name="openAccountMethod[Shiv Sahil, Rupee](4)" classname="com.personal.testcases.OpenAccountTest" time="0.333">
    <failure message="locator(Submit_css) can&apos;t be clicked as it&apos;s NOT present on page.&#10; &#10; Error msg is :-   org.openqa.selenium.InvalidSelectorException: invalid selector: An invalid or illegal selector was specified&#10;  (Session info: chrome=91.0.4472.77)&#10;For documentation on this error, please visit: http://seleniumhq.org/exceptions/invalid_selector_exception.html&#10;Build info: version: &apos;3.14.0&apos;, revision: &apos;aacccce0&apos;, time: &apos;2018-08-02T20:19:58.91Z&apos;&#10;System info: host: &apos;DESKTOP-IC0JENF&apos;, ip: &apos;172.16.18.8&apos;, os.name: &apos;Windows 10&apos;, os.arch: &apos;amd64&apos;, os.version: &apos;10.0&apos;, java.version: &apos;1.8.0_271&apos;&#10;Driver info: org.openqa.selenium.chrome.ChromeDriver&#10;Capabilities {acceptInsecureCerts: false, browserName: chrome, browserVersion: 91.0.4472.77, chrome: {chromedriverVersion: 90.0.4430.24 (4c6d850f087da..., userDataDir: C:\Users\NISHAN~1\AppData\L...}, goog:chromeOptions: {debuggerAddress: localhost:63924}, javascriptEnabled: true, networkConnectionEnabled: false, pageLoadStrategy: normal, platform: WINDOWS, platformName: WINDOWS, proxy: Proxy(), setWindowRect: true, strictFileInteractability: false, timeouts: {implicit: 0, pageLoad: 300000, script: 30000}, unhandledPromptBehavior: dismiss and notify, webauthn:extension:largeBlob: true, webauthn:virtualAuthenticators: true}&#10;Session ID: e8d3207d03ebbdd977f8a05dd1959747&#10;*** Element info: {Using=css selector, value=button[type=&apos;submit&apos;]1111111}" type="java.lang.AssertionError"><![CDATA[java.lang.AssertionError: 
locator(Submit_css) can't be clicked as it's NOT present on page.
 
 Error msg is :-   org.openqa.selenium.InvalidSelectorException: invalid selector: An invalid or illegal selector was specified
  (Session info: chrome=91.0.4472.77)
For documentation on this error, please visit: http://seleniumhq.org/exceptions/invalid_selector_exception.html
Build info: version: '3.14.0', revision: 'aacccce0', time: '2018-08-02T20:19:58.91Z'
System info: host: 'DESKTOP-IC0JENF', ip: '172.16.18.8', os.name: 'Windows 10', os.arch: 'amd64', os.version: '10.0', java.version: '1.8.0_271'
Driver info: org.openqa.selenium.chrome.ChromeDriver
Capabilities {acceptInsecureCerts: false, browserName: chrome, browserVersion: 91.0.4472.77, chrome: {chromedriverVersion: 90.0.4430.24 (4c6d850f087da..., userDataDir: C:\Users\NISHAN~1\AppData\L...}, goog:chromeOptions: {debuggerAddress: localhost:63924}, javascriptEnabled: true, networkConnectionEnabled: false, pageLoadStrategy: normal, platform: WINDOWS, platformName: WINDOWS, proxy: Proxy(), setWindowRect: true, strictFileInteractability: false, timeouts: {implicit: 0, pageLoad: 300000, script: 30000}, unhandledPromptBehavior: dismiss and notify, webauthn:extension:largeBlob: true, webauthn:virtualAuthenticators: true}
Session ID: e8d3207d03ebbdd977f8a05dd1959747
*** Element info: {Using=css selector, value=button[type='submit']1111111}
	at com.personal.testcases.OpenAccountTest.openAccountMethod(OpenAccountTest.java:18)
]]></failure>
    <system-out><![CDATA[16:46:26.309 [main] ERROR com.personal.base.BaseClass - openAccountMethod HAS SKIPPED BECAUSE IT'S DEPENDENCY '[openAccountMethodPrerequisites]' HAS FAILED
16:46:26.710 [main] ERROR com.personal.base.BaseClass - locator(Submit_css) can't be clicked as it's NOT present on page.
 
 Error msg is :-   org.openqa.selenium.InvalidSelectorException: invalid selector: An invalid or illegal selector was specified
  (Session info: chrome=91.0.4472.77)
For documentation on this error, please visit: http://seleniumhq.org/exceptions/invalid_selector_exception.html
Build info: version: '3.14.0', revision: 'aacccce0', time: '2018-08-02T20:19:58.91Z'
System info: host: 'DESKTOP-IC0JENF', ip: '172.16.18.8', os.name: 'Windows 10', os.arch: 'amd64', os.version: '10.0', java.version: '1.8.0_271'
Driver info: org.openqa.selenium.chrome.ChromeDriver
Capabilities {acceptInsecureCerts: false, browserName: chrome, browserVersion: 91.0.4472.77, chrome: {chromedriverVersion: 90.0.4430.24 (4c6d850f087da..., userDataDir: C:\Users\NISHAN~1\AppData\L...}, goog:chromeOptions: {debuggerAddress: localhost:63924}, javascriptEnabled: true, networkConnectionEnabled: false, pageLoadStrategy: normal, platform: WINDOWS, platformName: WINDOWS, proxy: Proxy(), setWindowRect: true, strictFileInteractability: false, timeouts: {implicit: 0, pageLoad: 300000, script: 30000}, unhandledPromptBehavior: dismiss and notify, webauthn:extension:largeBlob: true, webauthn:virtualAuthenticators: true}
Session ID: e8d3207d03ebbdd977f8a05dd1959747
*** Element info: {Using=css selector, value=button[type='submit']1111111}
]]></system-out>
  </testcase>
  <testcase name="openAccountMethod[Shiv Sahil, Rupee](4)" classname="com.personal.testcases.OpenAccountTest" time="0.328">
    <failure message="locator(Submit_css) can&apos;t be clicked as it&apos;s NOT present on page.&#10; &#10; Error msg is :-   org.openqa.selenium.InvalidSelectorException: invalid selector: An invalid or illegal selector was specified&#10;  (Session info: chrome=91.0.4472.77)&#10;For documentation on this error, please visit: http://seleniumhq.org/exceptions/invalid_selector_exception.html&#10;Build info: version: &apos;3.14.0&apos;, revision: &apos;aacccce0&apos;, time: &apos;2018-08-02T20:19:58.91Z&apos;&#10;System info: host: &apos;DESKTOP-IC0JENF&apos;, ip: &apos;172.16.18.8&apos;, os.name: &apos;Windows 10&apos;, os.arch: &apos;amd64&apos;, os.version: &apos;10.0&apos;, java.version: &apos;1.8.0_271&apos;&#10;Driver info: org.openqa.selenium.chrome.ChromeDriver&#10;Capabilities {acceptInsecureCerts: false, browserName: chrome, browserVersion: 91.0.4472.77, chrome: {chromedriverVersion: 90.0.4430.24 (4c6d850f087da..., userDataDir: C:\Users\NISHAN~1\AppData\L...}, goog:chromeOptions: {debuggerAddress: localhost:59439}, javascriptEnabled: true, networkConnectionEnabled: false, pageLoadStrategy: normal, platform: WINDOWS, platformName: WINDOWS, proxy: Proxy(), setWindowRect: true, strictFileInteractability: false, timeouts: {implicit: 0, pageLoad: 300000, script: 30000}, unhandledPromptBehavior: dismiss and notify, webauthn:extension:largeBlob: true, webauthn:virtualAuthenticators: true}&#10;Session ID: f7516941a28dc923a08210abdf47b0d2&#10;*** Element info: {Using=css selector, value=button[type=&apos;submit&apos;]1111111}" type="java.lang.AssertionError"><![CDATA[java.lang.AssertionError: 
locator(Submit_css) can't be clicked as it's NOT present on page.
 
 Error msg is :-   org.openqa.selenium.InvalidSelectorException: invalid selector: An invalid or illegal selector was specified
  (Session info: chrome=91.0.4472.77)
For documentation on this error, please visit: http://seleniumhq.org/exceptions/invalid_selector_exception.html
Build info: version: '3.14.0', revision: 'aacccce0', time: '2018-08-02T20:19:58.91Z'
System info: host: 'DESKTOP-IC0JENF', ip: '172.16.18.8', os.name: 'Windows 10', os.arch: 'amd64', os.version: '10.0', java.version: '1.8.0_271'
Driver info: org.openqa.selenium.chrome.ChromeDriver
Capabilities {acceptInsecureCerts: false, browserName: chrome, browserVersion: 91.0.4472.77, chrome: {chromedriverVersion: 90.0.4430.24 (4c6d850f087da..., userDataDir: C:\Users\NISHAN~1\AppData\L...}, goog:chromeOptions: {debuggerAddress: localhost:59439}, javascriptEnabled: true, networkConnectionEnabled: false, pageLoadStrategy: normal, platform: WINDOWS, platformName: WINDOWS, proxy: Proxy(), setWindowRect: true, strictFileInteractability: false, timeouts: {implicit: 0, pageLoad: 300000, script: 30000}, unhandledPromptBehavior: dismiss and notify, webauthn:extension:largeBlob: true, webauthn:virtualAuthenticators: true}
Session ID: f7516941a28dc923a08210abdf47b0d2
*** Element info: {Using=css selector, value=button[type='submit']1111111}
	at com.personal.testcases.OpenAccountTest.openAccountMethod(OpenAccountTest.java:18)
]]></failure>
    <system-out><![CDATA[16:46:36.135 [main] ERROR com.personal.base.BaseClass - openAccountMethod HAS SKIPPED BECAUSE IT'S DEPENDENCY '[openAccountMethodPrerequisites]' HAS FAILED
16:46:36.519 [main] ERROR com.personal.base.BaseClass - locator(Submit_css) can't be clicked as it's NOT present on page.
 
 Error msg is :-   org.openqa.selenium.InvalidSelectorException: invalid selector: An invalid or illegal selector was specified
  (Session info: chrome=91.0.4472.77)
For documentation on this error, please visit: http://seleniumhq.org/exceptions/invalid_selector_exception.html
Build info: version: '3.14.0', revision: 'aacccce0', time: '2018-08-02T20:19:58.91Z'
System info: host: 'DESKTOP-IC0JENF', ip: '172.16.18.8', os.name: 'Windows 10', os.arch: 'amd64', os.version: '10.0', java.version: '1.8.0_271'
Driver info: org.openqa.selenium.chrome.ChromeDriver
Capabilities {acceptInsecureCerts: false, browserName: chrome, browserVersion: 91.0.4472.77, chrome: {chromedriverVersion: 90.0.4430.24 (4c6d850f087da..., userDataDir: C:\Users\NISHAN~1\AppData\L...}, goog:chromeOptions: {debuggerAddress: localhost:59439}, javascriptEnabled: true, networkConnectionEnabled: false, pageLoadStrategy: normal, platform: WINDOWS, platformName: WINDOWS, proxy: Proxy(), setWindowRect: true, strictFileInteractability: false, timeouts: {implicit: 0, pageLoad: 300000, script: 30000}, unhandledPromptBehavior: dismiss and notify, webauthn:extension:largeBlob: true, webauthn:virtualAuthenticators: true}
Session ID: f7516941a28dc923a08210abdf47b0d2
*** Element info: {Using=css selector, value=button[type='submit']1111111}
]]></system-out>
  </testcase>
  <testcase name="customerLoginMethod" classname="com.personal.testcases.CustomerLoginTest" time="0">
    <skipped message="Method CustomerLoginTest.customerLoginMethod()[pri:0, instance:com.personal.testcases.CustomerLoginTest@7748410a] depends on not successfully finished methods in group &quot;CustomerLoginMethodPrerequisites&quot;"/>
    <system-out><![CDATA[16:46:26.711 [main] ERROR com.personal.base.BaseClass - openAccountMethod HAS FAILED 
16:46:26.782 [main] ERROR com.personal.base.BaseClass - customerLoginMethod HAS SKIPPED BECAUSE IT'S DEPENDENCY '[CustomerLoginMethodPrerequisites]' HAS FAILED
]]></system-out>
  </testcase>
  <testcase name="customerLoginMethod" classname="com.personal.testcases.CustomerLoginTest" time="0">
    <skipped message="Method CustomerLoginTest.customerLoginMethod()[pri:0, instance:com.personal.testcases.CustomerLoginTest@5f683daf] depends on not successfully finished methods in group &quot;CustomerLoginMethodPrerequisites&quot;"/>
    <system-out><![CDATA[16:46:36.520 [main] ERROR com.personal.base.BaseClass - openAccountMethod HAS FAILED 
16:46:36.592 [main] ERROR com.personal.base.BaseClass - customerLoginMethod HAS SKIPPED BECAUSE IT'S DEPENDENCY '[CustomerLoginMethodPrerequisites]' HAS FAILED
]]></system-out>
  </testcase>
</testsuite>