<?xml version="1.0" encoding="UTF-8"?>
<!-- Generated by org.testng.reporters.JUnitXMLReporter -->
<testsuite hostname="DESKTOP-IC0JENF" ignored="2" name="Add Customers" tests="4" failures="0" timestamp="27 May 2021 12:11:33 GMT" time="17.591" errors="0">
  <testcase name="loginAsmanagerTest" time="4.291" classname="com.personal.testcases.AddCustomer"/>
  <testcase name="addMultipleCustomerTest" time="4.191" classname="com.personal.testcases.AddCustomer"/>
  <testcase name="addMultipleCustomerTest" time="4.157" classname="com.personal.testcases.AddCustomer"/>
  <testcase name="addMultipleCustomerTest" time="4.127" classname="com.personal.testcases.AddCustomer"/>
  <testcase name="@AfterSuite tearDown" time="0.0" classname="com.personal.base.BaseClass">
    <ignored/>
  </testcase> <!-- @AfterSuite tearDown -->
  <testcase name="@BeforeSuite setUp" time="0.0" classname="com.personal.base.BaseClass">
    <ignored/>
  </testcase> <!-- @BeforeSuite setUp -->
</testsuite> <!-- Add Customers -->
