<?xml version="1.0" encoding="UTF-8"?>
<!-- Generated by org.testng.reporters.JUnitXMLReporter -->
<testsuite hostname="DESKTOP-IC0JENF" ignored="4" name="Bank Manager Login" tests="6" failures="0" timestamp="2021-06-06T20:47:18 IST" time="9.181" errors="0">
  <testcase name="loginAsmanagerTest" time="1.639" classname="com.personal.testcases.AddCustomerTest"/>
  <testcase name="addMultipleCustomerTest" time="0.349" classname="com.personal.testcases.AddCustomerTest"/>
  <testcase name="addMultipleCustomerTest" time="1.108" classname="com.personal.testcases.AddCustomerTest"/>
  <testcase name="addMultipleCustomerTest" time="1.352" classname="com.personal.testcases.AddCustomerTest"/>
  <testcase name="openAccountMethod" time="1.158" classname="com.personal.testcases.OpenAccountTest"/>
  <testcase name="openAccountMethod" time="1.58" classname="com.personal.testcases.OpenAccountTest"/>
  <testcase name="@AfterSuite tearDown" time="0.0" classname="com.personal.base.BaseClass">
    <ignored/>
  </testcase> <!-- @AfterSuite tearDown -->
  <testcase name="@AfterSuite tearDown" time="0.0" classname="com.personal.base.BaseClass">
    <ignored/>
  </testcase> <!-- @AfterSuite tearDown -->
  <testcase name="@BeforeSuite setUp" time="0.0" classname="com.personal.base.BaseClass">
    <ignored/>
  </testcase> <!-- @BeforeSuite setUp -->
  <testcase name="@BeforeSuite setUp" time="0.0" classname="com.personal.base.BaseClass">
    <ignored/>
  </testcase> <!-- @BeforeSuite setUp -->
</testsuite> <!-- Bank Manager Login -->
