<?xml version="1.0" encoding="UTF-8"?>
<testng-results skipped="0" failed="2" ignored="6" retried="2" total="15" passed="5">
  <reporter-output>
  </reporter-output>
  <suite name="Customer Suite" duration-ms="23303" started-at="2021-05-31T10:50:40 IST" finished-at="2021-05-31T10:51:03 IST">
    <groups>
      <group name="openAccountMethodPrerequisites">
        <method signature="AddCustomerTest.addMultipleCustomerTest(java.lang.String, java.lang.String, java.lang.String)[pri:0, instance:com.personal.testcases.AddCustomerTest@54a7079e]" name="addMultipleCustomerTest" class="com.personal.testcases.AddCustomerTest"/>
      </group> <!-- openAccountMethodPrerequisites -->
    </groups>
    <test name="Bank Manager Login" duration-ms="22309" started-at="2021-05-31T10:50:40 IST" finished-at="2021-05-31T10:51:02 IST">
      <class name="com.personal.testcases.OpenAccountTest">
        <test-method status="PASS" signature="openAccountTab()[pri:0, instance:com.personal.testcases.OpenAccountTest@26e356f0]" name="openAccountTab" is-config="true" duration-ms="217" started-at="2021-05-31T10:50:42 IST" finished-at="2021-05-31T10:50:42 IST">
          <reporter-output>
          </reporter-output>
        </test-method> <!-- openAccountTab -->
        <test-method name="openAccountMethod" signature="openAccountMethod(java.lang.String, java.lang.String)[pri:0, instance:com.personal.testcases.OpenAccountTest@26e356f0]" retried="true" depends-on-groups="openAccountMethodPrerequisites" status="SKIP" duration-ms="4214" finished-at="2021-05-31T10:50:47 IST" started-at="2021-05-31T10:50:42 IST" data-provider="excelData" description="BANK MANAGER LOGIN &gt; OPEN CUSTOMER TAB - opening multiple customers account">
          <params>
            <param index="0">
              <value>
                <![CDATA[Sahil Guleri]]>
              </value>
            </param>
            <param index="1">
              <value>
                <![CDATA[Pound]]>
              </value>
            </param>
          </params>
          <exception class="java.lang.AssertionError">
            <message>
              <![CDATA[option(1111111111111111111111) is NOT selected on dropdown(CustomerDropDown_id). Either dropdown(CustomerDropDown_id) or option(1111111111111111111111) is NOT present on page.
 
 
 Error msg is :-   Cannot locate element with text: 1111111111111111111111
For documentation on this error, please visit: http://seleniumhq.org/exceptions/no_such_element.html
Build info: version: '3.14.0', revision: 'aacccce0', time: '2018-08-02T20:19:58.91Z'
System info: host: 'DESKTOP-IC0JENF', ip: '172.16.18.8', os.name: 'Windows 10', os.arch: 'amd64', os.version: '10.0', java.version: '1.8.0_271'
Driver info: driver.version: unknown]]>
            </message>
            <full-stacktrace>
              <![CDATA[java.lang.AssertionError: option(1111111111111111111111) is NOT selected on dropdown(CustomerDropDown_id). Either dropdown(CustomerDropDown_id) or option(1111111111111111111111) is NOT present on page.
 
 
 Error msg is :-   Cannot locate element with text: 1111111111111111111111
For documentation on this error, please visit: http://seleniumhq.org/exceptions/no_such_element.html
Build info: version: '3.14.0', revision: 'aacccce0', time: '2018-08-02T20:19:58.91Z'
System info: host: 'DESKTOP-IC0JENF', ip: '172.16.18.8', os.name: 'Windows 10', os.arch: 'amd64', os.version: '10.0', java.version: '1.8.0_271'
Driver info: driver.version: unknown
at org.testng.Assert.fail(Assert.java:97)
at com.personal.base.BaseClass.staticDropDown(BaseClass.java:370)
at com.personal.testcases.OpenAccountTest.openAccountMethod(OpenAccountTest.java:22)
at sun.reflect.NativeMethodAccessorImpl.invoke0(Native Method)
at sun.reflect.NativeMethodAccessorImpl.invoke(NativeMethodAccessorImpl.java:62)
at sun.reflect.DelegatingMethodAccessorImpl.invoke(DelegatingMethodAccessorImpl.java:43)
at java.lang.reflect.Method.invoke(Method.java:498)
at org.testng.internal.MethodInvocationHelper.invokeMethod(MethodInvocationHelper.java:134)
at org.testng.internal.TestInvoker.invokeMethod(TestInvoker.java:597)
at org.testng.internal.TestInvoker.invokeTestMethod(TestInvoker.java:173)
at org.testng.internal.MethodRunner.runInSequence(MethodRunner.java:46)
at org.testng.internal.TestInvoker$MethodInvocationAgent.invoke(TestInvoker.java:816)
at org.testng.internal.TestInvoker.invokeTestMethods(TestInvoker.java:146)
at org.testng.internal.TestMethodWorker.invokeTestMethods(TestMethodWorker.java:146)
at org.testng.internal.TestMethodWorker.run(TestMethodWorker.java:128)
at java.util.ArrayList.forEach(ArrayList.java:1259)
at org.testng.TestRunner.privateRun(TestRunner.java:766)
at org.testng.TestRunner.run(TestRunner.java:587)
at org.testng.SuiteRunner.runTest(SuiteRunner.java:384)
at org.testng.SuiteRunner.runSequentially(SuiteRunner.java:378)
at org.testng.SuiteRunner.privateRun(SuiteRunner.java:337)
at org.testng.SuiteRunner.run(SuiteRunner.java:286)
at org.testng.SuiteRunnerWorker.runSuite(SuiteRunnerWorker.java:53)
at org.testng.SuiteRunnerWorker.run(SuiteRunnerWorker.java:96)
at org.testng.TestNG.runSuitesSequentially(TestNG.java:1187)
at org.testng.TestNG.runSuitesLocally(TestNG.java:1109)
at org.testng.TestNG.runSuites(TestNG.java:1039)
at org.testng.TestNG.run(TestNG.java:1007)
at org.testng.remote.AbstractRemoteTestNG.run(AbstractRemoteTestNG.java:115)
at org.testng.remote.RemoteTestNG.initAndRun(RemoteTestNG.java:251)
at org.testng.remote.RemoteTestNG.main(RemoteTestNG.java:77)
]]>
            </full-stacktrace>
          </exception> <!-- java.lang.AssertionError -->
          <reporter-output>
          </reporter-output>
        </test-method> <!-- openAccountMethod -->
        <test-method name="openAccountMethod" signature="openAccountMethod(java.lang.String, java.lang.String)[pri:0, instance:com.personal.testcases.OpenAccountTest@26e356f0]" depends-on-groups="openAccountMethodPrerequisites" status="FAIL" duration-ms="4040" finished-at="2021-05-31T10:50:52 IST" started-at="2021-05-31T10:50:48 IST" data-provider="excelData" description="BANK MANAGER LOGIN &gt; OPEN CUSTOMER TAB - opening multiple customers account">
          <params>
            <param index="0">
              <value>
                <![CDATA[Sahil Guleri]]>
              </value>
            </param>
            <param index="1">
              <value>
                <![CDATA[Pound]]>
              </value>
            </param>
          </params>
          <exception class="java.lang.AssertionError">
            <message>
              <![CDATA[option(1111111111111111111111) is NOT selected on dropdown(CustomerDropDown_id). Either dropdown(CustomerDropDown_id) or option(1111111111111111111111) is NOT present on page.
 
 
 Error msg is :-   Cannot locate element with text: 1111111111111111111111
For documentation on this error, please visit: http://seleniumhq.org/exceptions/no_such_element.html
Build info: version: '3.14.0', revision: 'aacccce0', time: '2018-08-02T20:19:58.91Z'
System info: host: 'DESKTOP-IC0JENF', ip: '172.16.18.8', os.name: 'Windows 10', os.arch: 'amd64', os.version: '10.0', java.version: '1.8.0_271'
Driver info: driver.version: unknown]]>
            </message>
            <full-stacktrace>
              <![CDATA[java.lang.AssertionError: option(1111111111111111111111) is NOT selected on dropdown(CustomerDropDown_id). Either dropdown(CustomerDropDown_id) or option(1111111111111111111111) is NOT present on page.
 
 
 Error msg is :-   Cannot locate element with text: 1111111111111111111111
For documentation on this error, please visit: http://seleniumhq.org/exceptions/no_such_element.html
Build info: version: '3.14.0', revision: 'aacccce0', time: '2018-08-02T20:19:58.91Z'
System info: host: 'DESKTOP-IC0JENF', ip: '172.16.18.8', os.name: 'Windows 10', os.arch: 'amd64', os.version: '10.0', java.version: '1.8.0_271'
Driver info: driver.version: unknown
at org.testng.Assert.fail(Assert.java:97)
at com.personal.base.BaseClass.staticDropDown(BaseClass.java:370)
at com.personal.testcases.OpenAccountTest.openAccountMethod(OpenAccountTest.java:22)
at sun.reflect.NativeMethodAccessorImpl.invoke0(Native Method)
at sun.reflect.NativeMethodAccessorImpl.invoke(NativeMethodAccessorImpl.java:62)
at sun.reflect.DelegatingMethodAccessorImpl.invoke(DelegatingMethodAccessorImpl.java:43)
at java.lang.reflect.Method.invoke(Method.java:498)
at org.testng.internal.MethodInvocationHelper.invokeMethod(MethodInvocationHelper.java:134)
at org.testng.internal.TestInvoker.invokeMethod(TestInvoker.java:597)
at org.testng.internal.TestInvoker.retryFailed(TestInvoker.java:213)
at org.testng.internal.MethodRunner.runInSequence(MethodRunner.java:58)
at org.testng.internal.TestInvoker$MethodInvocationAgent.invoke(TestInvoker.java:816)
at org.testng.internal.TestInvoker.invokeTestMethods(TestInvoker.java:146)
at org.testng.internal.TestMethodWorker.invokeTestMethods(TestMethodWorker.java:146)
at org.testng.internal.TestMethodWorker.run(TestMethodWorker.java:128)
at java.util.ArrayList.forEach(ArrayList.java:1259)
at org.testng.TestRunner.privateRun(TestRunner.java:766)
at org.testng.TestRunner.run(TestRunner.java:587)
at org.testng.SuiteRunner.runTest(SuiteRunner.java:384)
at org.testng.SuiteRunner.runSequentially(SuiteRunner.java:378)
at org.testng.SuiteRunner.privateRun(SuiteRunner.java:337)
at org.testng.SuiteRunner.run(SuiteRunner.java:286)
at org.testng.SuiteRunnerWorker.runSuite(SuiteRunnerWorker.java:53)
at org.testng.SuiteRunnerWorker.run(SuiteRunnerWorker.java:96)
at org.testng.TestNG.runSuitesSequentially(TestNG.java:1187)
at org.testng.TestNG.runSuitesLocally(TestNG.java:1109)
at org.testng.TestNG.runSuites(TestNG.java:1039)
at org.testng.TestNG.run(TestNG.java:1007)
at org.testng.remote.AbstractRemoteTestNG.run(AbstractRemoteTestNG.java:115)
at org.testng.remote.RemoteTestNG.initAndRun(RemoteTestNG.java:251)
at org.testng.remote.RemoteTestNG.main(RemoteTestNG.java:77)
]]>
            </full-stacktrace>
          </exception> <!-- java.lang.AssertionError -->
          <reporter-output>
          </reporter-output>
        </test-method> <!-- openAccountMethod -->
        <test-method name="openAccountMethod" signature="openAccountMethod(java.lang.String, java.lang.String)[pri:0, instance:com.personal.testcases.OpenAccountTest@26e356f0]" retried="true" depends-on-groups="openAccountMethodPrerequisites" status="SKIP" duration-ms="4043" finished-at="2021-05-31T10:50:56 IST" started-at="2021-05-31T10:50:52 IST" data-provider="excelData" description="BANK MANAGER LOGIN &gt; OPEN CUSTOMER TAB - opening multiple customers account">
          <params>
            <param index="0">
              <value>
                <![CDATA[Shiv Sahil]]>
              </value>
            </param>
            <param index="1">
              <value>
                <![CDATA[Rupee]]>
              </value>
            </param>
          </params>
          <exception class="java.lang.AssertionError">
            <message>
              <![CDATA[option(1111111111111111111111) is NOT selected on dropdown(CustomerDropDown_id). Either dropdown(CustomerDropDown_id) or option(1111111111111111111111) is NOT present on page.
 
 
 Error msg is :-   Cannot locate element with text: 1111111111111111111111
For documentation on this error, please visit: http://seleniumhq.org/exceptions/no_such_element.html
Build info: version: '3.14.0', revision: 'aacccce0', time: '2018-08-02T20:19:58.91Z'
System info: host: 'DESKTOP-IC0JENF', ip: '172.16.18.8', os.name: 'Windows 10', os.arch: 'amd64', os.version: '10.0', java.version: '1.8.0_271'
Driver info: driver.version: unknown]]>
            </message>
            <full-stacktrace>
              <![CDATA[java.lang.AssertionError: option(1111111111111111111111) is NOT selected on dropdown(CustomerDropDown_id). Either dropdown(CustomerDropDown_id) or option(1111111111111111111111) is NOT present on page.
 
 
 Error msg is :-   Cannot locate element with text: 1111111111111111111111
For documentation on this error, please visit: http://seleniumhq.org/exceptions/no_such_element.html
Build info: version: '3.14.0', revision: 'aacccce0', time: '2018-08-02T20:19:58.91Z'
System info: host: 'DESKTOP-IC0JENF', ip: '172.16.18.8', os.name: 'Windows 10', os.arch: 'amd64', os.version: '10.0', java.version: '1.8.0_271'
Driver info: driver.version: unknown
at org.testng.Assert.fail(Assert.java:97)
at com.personal.base.BaseClass.staticDropDown(BaseClass.java:370)
at com.personal.testcases.OpenAccountTest.openAccountMethod(OpenAccountTest.java:22)
at sun.reflect.NativeMethodAccessorImpl.invoke0(Native Method)
at sun.reflect.NativeMethodAccessorImpl.invoke(NativeMethodAccessorImpl.java:62)
at sun.reflect.DelegatingMethodAccessorImpl.invoke(DelegatingMethodAccessorImpl.java:43)
at java.lang.reflect.Method.invoke(Method.java:498)
at org.testng.internal.MethodInvocationHelper.invokeMethod(MethodInvocationHelper.java:134)
at org.testng.internal.TestInvoker.invokeMethod(TestInvoker.java:597)
at org.testng.internal.TestInvoker.invokeTestMethod(TestInvoker.java:173)
at org.testng.internal.MethodRunner.runInSequence(MethodRunner.java:46)
at org.testng.internal.TestInvoker$MethodInvocationAgent.invoke(TestInvoker.java:816)
at org.testng.internal.TestInvoker.invokeTestMethods(TestInvoker.java:146)
at org.testng.internal.TestMethodWorker.invokeTestMethods(TestMethodWorker.java:146)
at org.testng.internal.TestMethodWorker.run(TestMethodWorker.java:128)
at java.util.ArrayList.forEach(ArrayList.java:1259)
at org.testng.TestRunner.privateRun(TestRunner.java:766)
at org.testng.TestRunner.run(TestRunner.java:587)
at org.testng.SuiteRunner.runTest(SuiteRunner.java:384)
at org.testng.SuiteRunner.runSequentially(SuiteRunner.java:378)
at org.testng.SuiteRunner.privateRun(SuiteRunner.java:337)
at org.testng.SuiteRunner.run(SuiteRunner.java:286)
at org.testng.SuiteRunnerWorker.runSuite(SuiteRunnerWorker.java:53)
at org.testng.SuiteRunnerWorker.run(SuiteRunnerWorker.java:96)
at org.testng.TestNG.runSuitesSequentially(TestNG.java:1187)
at org.testng.TestNG.runSuitesLocally(TestNG.java:1109)
at org.testng.TestNG.runSuites(TestNG.java:1039)
at org.testng.TestNG.run(TestNG.java:1007)
at org.testng.remote.AbstractRemoteTestNG.run(AbstractRemoteTestNG.java:115)
at org.testng.remote.RemoteTestNG.initAndRun(RemoteTestNG.java:251)
at org.testng.remote.RemoteTestNG.main(RemoteTestNG.java:77)
]]>
            </full-stacktrace>
          </exception> <!-- java.lang.AssertionError -->
          <reporter-output>
          </reporter-output>
        </test-method> <!-- openAccountMethod -->
        <test-method name="openAccountMethod" signature="openAccountMethod(java.lang.String, java.lang.String)[pri:0, instance:com.personal.testcases.OpenAccountTest@26e356f0]" depends-on-groups="openAccountMethodPrerequisites" status="FAIL" duration-ms="4036" finished-at="2021-05-31T10:51:02 IST" started-at="2021-05-31T10:50:58 IST" data-provider="excelData" description="BANK MANAGER LOGIN &gt; OPEN CUSTOMER TAB - opening multiple customers account">
          <params>
            <param index="0">
              <value>
                <![CDATA[Shiv Sahil]]>
              </value>
            </param>
            <param index="1">
              <value>
                <![CDATA[Rupee]]>
              </value>
            </param>
          </params>
          <exception class="java.lang.AssertionError">
            <message>
              <![CDATA[option(1111111111111111111111) is NOT selected on dropdown(CustomerDropDown_id). Either dropdown(CustomerDropDown_id) or option(1111111111111111111111) is NOT present on page.
 
 
 Error msg is :-   Cannot locate element with text: 1111111111111111111111
For documentation on this error, please visit: http://seleniumhq.org/exceptions/no_such_element.html
Build info: version: '3.14.0', revision: 'aacccce0', time: '2018-08-02T20:19:58.91Z'
System info: host: 'DESKTOP-IC0JENF', ip: '172.16.18.8', os.name: 'Windows 10', os.arch: 'amd64', os.version: '10.0', java.version: '1.8.0_271'
Driver info: driver.version: unknown]]>
            </message>
            <full-stacktrace>
              <![CDATA[java.lang.AssertionError: option(1111111111111111111111) is NOT selected on dropdown(CustomerDropDown_id). Either dropdown(CustomerDropDown_id) or option(1111111111111111111111) is NOT present on page.
 
 
 Error msg is :-   Cannot locate element with text: 1111111111111111111111
For documentation on this error, please visit: http://seleniumhq.org/exceptions/no_such_element.html
Build info: version: '3.14.0', revision: 'aacccce0', time: '2018-08-02T20:19:58.91Z'
System info: host: 'DESKTOP-IC0JENF', ip: '172.16.18.8', os.name: 'Windows 10', os.arch: 'amd64', os.version: '10.0', java.version: '1.8.0_271'
Driver info: driver.version: unknown
at org.testng.Assert.fail(Assert.java:97)
at com.personal.base.BaseClass.staticDropDown(BaseClass.java:370)
at com.personal.testcases.OpenAccountTest.openAccountMethod(OpenAccountTest.java:22)
at sun.reflect.NativeMethodAccessorImpl.invoke0(Native Method)
at sun.reflect.NativeMethodAccessorImpl.invoke(NativeMethodAccessorImpl.java:62)
at sun.reflect.DelegatingMethodAccessorImpl.invoke(DelegatingMethodAccessorImpl.java:43)
at java.lang.reflect.Method.invoke(Method.java:498)
at org.testng.internal.MethodInvocationHelper.invokeMethod(MethodInvocationHelper.java:134)
at org.testng.internal.TestInvoker.invokeMethod(TestInvoker.java:597)
at org.testng.internal.TestInvoker.retryFailed(TestInvoker.java:213)
at org.testng.internal.MethodRunner.runInSequence(MethodRunner.java:58)
at org.testng.internal.TestInvoker$MethodInvocationAgent.invoke(TestInvoker.java:816)
at org.testng.internal.TestInvoker.invokeTestMethods(TestInvoker.java:146)
at org.testng.internal.TestMethodWorker.invokeTestMethods(TestMethodWorker.java:146)
at org.testng.internal.TestMethodWorker.run(TestMethodWorker.java:128)
at java.util.ArrayList.forEach(ArrayList.java:1259)
at org.testng.TestRunner.privateRun(TestRunner.java:766)
at org.testng.TestRunner.run(TestRunner.java:587)
at org.testng.SuiteRunner.runTest(SuiteRunner.java:384)
at org.testng.SuiteRunner.runSequentially(SuiteRunner.java:378)
at org.testng.SuiteRunner.privateRun(SuiteRunner.java:337)
at org.testng.SuiteRunner.run(SuiteRunner.java:286)
at org.testng.SuiteRunnerWorker.runSuite(SuiteRunnerWorker.java:53)
at org.testng.SuiteRunnerWorker.run(SuiteRunnerWorker.java:96)
at org.testng.TestNG.runSuitesSequentially(TestNG.java:1187)
at org.testng.TestNG.runSuitesLocally(TestNG.java:1109)
at org.testng.TestNG.runSuites(TestNG.java:1039)
at org.testng.TestNG.run(TestNG.java:1007)
at org.testng.remote.AbstractRemoteTestNG.run(AbstractRemoteTestNG.java:115)
at org.testng.remote.RemoteTestNG.initAndRun(RemoteTestNG.java:251)
at org.testng.remote.RemoteTestNG.main(RemoteTestNG.java:77)
]]>
            </full-stacktrace>
          </exception> <!-- java.lang.AssertionError -->
          <reporter-output>
          </reporter-output>
        </test-method> <!-- openAccountMethod -->
        <test-method status="PASS" signature="HometTab()[pri:0, instance:com.personal.testcases.OpenAccountTest@26e356f0]" name="HometTab" is-config="true" duration-ms="33" started-at="2021-05-31T10:51:02 IST" finished-at="2021-05-31T10:51:02 IST">
          <reporter-output>
          </reporter-output>
        </test-method> <!-- HometTab -->
      </class> <!-- com.personal.testcases.OpenAccountTest -->
      <class name="com.personal.testcases.AddCustomerTest">
        <test-method status="PASS" signature="loginAsmanagerTest()[pri:0, instance:com.personal.testcases.AddCustomerTest@54a7079e]" name="loginAsmanagerTest" duration-ms="1208" started-at="2021-05-31T10:50:40 IST" description="BANK MANAGER LOGIN - login as bank manager and checking availability of ADD CUSTOMER TAB on screen" finished-at="2021-05-31T10:50:41 IST">
          <reporter-output>
          </reporter-output>
        </test-method> <!-- loginAsmanagerTest -->
        <test-method name="addMultipleCustomerTest" signature="addMultipleCustomerTest(java.lang.String, java.lang.String, java.lang.String)[pri:0, instance:com.personal.testcases.AddCustomerTest@54a7079e]" status="PASS" duration-ms="141" finished-at="2021-05-31T10:50:42 IST" started-at="2021-05-31T10:50:42 IST" depends-on-methods="com.personal.testcases.AddCustomerTest.loginAsmanagerTest" data-provider="excelData" description="BANK MANAGER LOGIN &gt; ADD CUSTOMER TAB - adding multiple customers">
          <params>
            <param index="0">
              <value>
                <![CDATA[Shiv]]>
              </value>
            </param>
            <param index="1">
              <value>
                <![CDATA[Sahil]]>
              </value>
            </param>
            <param index="2">
              <value>
                <![CDATA[160014]]>
              </value>
            </param>
          </params>
          <reporter-output>
          </reporter-output>
        </test-method> <!-- addMultipleCustomerTest -->
        <test-method name="addMultipleCustomerTest" signature="addMultipleCustomerTest(java.lang.String, java.lang.String, java.lang.String)[pri:0, instance:com.personal.testcases.AddCustomerTest@54a7079e]" status="PASS" duration-ms="118" finished-at="2021-05-31T10:50:42 IST" started-at="2021-05-31T10:50:42 IST" depends-on-methods="com.personal.testcases.AddCustomerTest.loginAsmanagerTest" data-provider="excelData" description="BANK MANAGER LOGIN &gt; ADD CUSTOMER TAB - adding multiple customers">
          <params>
            <param index="0">
              <value>
                <![CDATA[Sahil]]>
              </value>
            </param>
            <param index="1">
              <value>
                <![CDATA[Guleri]]>
              </value>
            </param>
            <param index="2">
              <value>
                <![CDATA[3967]]>
              </value>
            </param>
          </params>
          <reporter-output>
          </reporter-output>
        </test-method> <!-- addMultipleCustomerTest -->
        <test-method name="addMultipleCustomerTest" signature="addMultipleCustomerTest(java.lang.String, java.lang.String, java.lang.String)[pri:0, instance:com.personal.testcases.AddCustomerTest@54a7079e]" status="PASS" duration-ms="97" finished-at="2021-05-31T10:50:42 IST" started-at="2021-05-31T10:50:42 IST" depends-on-methods="com.personal.testcases.AddCustomerTest.loginAsmanagerTest" data-provider="excelData" description="BANK MANAGER LOGIN &gt; ADD CUSTOMER TAB - adding multiple customers">
          <params>
            <param index="0">
              <value>
                <![CDATA[No]]>
              </value>
            </param>
            <param index="1">
              <value>
                <![CDATA[Cust]]>
              </value>
            </param>
            <param index="2">
              <value>
                <![CDATA[1332]]>
              </value>
            </param>
          </params>
          <reporter-output>
          </reporter-output>
        </test-method> <!-- addMultipleCustomerTest -->
      </class> <!-- com.personal.testcases.AddCustomerTest -->
    </test> <!-- Bank Manager Login -->
    <test name="Customer Login" duration-ms="958" started-at="2021-05-31T10:51:02 IST" finished-at="2021-05-31T10:51:03 IST">
      <class name="com.personal.base.BaseClass">
        <test-method status="PASS" signature="setUp()[pri:0, instance:com.personal.base.BaseClass@4d5650ae]" name="setUp" is-config="true" duration-ms="5016" started-at="2021-05-31T10:50:35 IST" finished-at="2021-05-31T10:50:40 IST">
          <reporter-output>
          </reporter-output>
        </test-method> <!-- setUp -->
        <test-method status="PASS" signature="tearDown()[pri:0, instance:com.personal.base.BaseClass@4d5650ae]" name="tearDown" is-config="true" duration-ms="689" started-at="2021-05-31T10:51:03 IST" finished-at="2021-05-31T10:51:04 IST">
          <reporter-output>
          </reporter-output>
        </test-method> <!-- tearDown -->
      </class> <!-- com.personal.base.BaseClass -->
      <class name="com.personal.testcases.CustomerLoginTest">
        <test-method status="PASS" signature="CustomerLoginMethod()[pri:0, instance:com.personal.testcases.CustomerLoginTest@a38c7fe]" name="CustomerLoginMethod" duration-ms="945" started-at="2021-05-31T10:51:02 IST" description="CUSTOMER LOGIN - login as customer" finished-at="2021-05-31T10:51:03 IST">
          <reporter-output>
          </reporter-output>
        </test-method> <!-- CustomerLoginMethod -->
      </class> <!-- com.personal.testcases.CustomerLoginTest -->
    </test> <!-- Customer Login -->
  </suite> <!-- Customer Suite -->
</testng-results>
