<?xml version="1.0" encoding="UTF-8"?>
<testng-results skipped="0" failed="0" ignored="2" total="4" passed="2">
  <reporter-output>
  </reporter-output>
  <suite name="Customer Suite" duration-ms="1192" started-at="2021-05-27T01:28:02Z" finished-at="2021-05-27T01:28:03Z">
    <groups>
    </groups>
    <test name="Add Customers" duration-ms="1177" started-at="2021-05-27T01:28:02Z" finished-at="2021-05-27T01:28:03Z">
      <class name="com.personal.testcases.AddCustomer">
        <test-method status="PASS" signature="AddMultipleCustomer()[pri:0, instance:com.personal.testcases.AddCustomer@7fee8714]" name="AddMultipleCustomer" duration-ms="9" started-at="2021-05-27T01:28:02Z" finished-at="2021-05-27T01:28:02Z">
          <reporter-output>
          </reporter-output>
        </test-method> <!-- AddMultipleCustomer -->
        <test-method status="PASS" signature="loginAsmanager()[pri:0, instance:com.personal.testcases.AddCustomer@7fee8714]" name="loginAsmanager" duration-ms="730" started-at="2021-05-27T01:28:02Z" description="clicking on login button and checkeding availability of buttons on screen" finished-at="2021-05-27T01:28:03Z">
          <reporter-output>
          </reporter-output>
        </test-method> <!-- loginAsmanager -->
      </class> <!-- com.personal.testcases.AddCustomer -->
    </test> <!-- Add Customers -->
    <test name="Open Account" duration-ms="0" started-at="2021-05-27T01:28:03Z" finished-at="2021-05-27T01:28:03Z">
      <class name="com.personal.base.BaseClass">
        <test-method status="PASS" signature="setUp()[pri:0, instance:com.personal.base.BaseClass@6da21078]" name="setUp" is-config="true" duration-ms="4953" started-at="2021-05-27T01:27:57Z" finished-at="2021-05-27T01:28:02Z">
          <reporter-output>
          </reporter-output>
        </test-method> <!-- setUp -->
        <test-method status="PASS" signature="tearDown()[pri:0, instance:com.personal.base.BaseClass@6da21078]" name="tearDown" is-config="true" duration-ms="802" started-at="2021-05-27T01:28:03Z" finished-at="2021-05-27T01:28:04Z">
          <reporter-output>
          </reporter-output>
        </test-method> <!-- tearDown -->
      </class> <!-- com.personal.base.BaseClass -->
    </test> <!-- Open Account -->
  </suite> <!-- Customer Suite -->
</testng-results>
